<?xml version="1.0" encoding="UTF-8"?>
<testsuite name="org.springframework.test.context.testng.transaction.ejb.RollbackForRequiresNewEjbTxDaoTestNGTests" tests="3" skipped="0" failures="0" errors="0" timestamp="2021-12-25T12:14:51" hostname="chenqian981016deMacBook-Air.local" time="0.039">
  <properties/>
  <testcase name="test1InitialState" classname="org.springframework.test.context.testng.transaction.ejb.RollbackForRequiresNewEjbTxDaoTestNGTests" time="0.022"/>
  <testcase name="test2IncrementCount1" classname="org.springframework.test.context.testng.transaction.ejb.RollbackForRequiresNewEjbTxDaoTestNGTests" time="0.003"/>
  <testcase name="test3IncrementCount2" classname="org.springframework.test.context.testng.transaction.ejb.RollbackForRequiresNewEjbTxDaoTestNGTests" time="0.004"/>
  <system-out><![CDATA[]]></system-out>
  <system-err><![CDATA[]]></system-err>
</testsuite>
