<?xml version="1.0" encoding="UTF-8"?>
<testsuite name="org.springframework.test.context.testng.transaction.programmatic.ProgrammaticTxMgmtTestNGTests" tests="12" skipped="0" failures="0" errors="0" timestamp="2021-12-25T12:14:50" hostname="chenqian981016deMacBook-Air.local" time="0.024">
  <properties/>
  <testcase name="commitTxAndStartNewTx" classname="org.springframework.test.context.testng.transaction.programmatic.ProgrammaticTxMgmtTestNGTests" time="0.006"/>
  <testcase name="commitTxButDoNotStartNewTx" classname="org.springframework.test.context.testng.transaction.programmatic.ProgrammaticTxMgmtTestNGTests" time="0.001"/>
  <testcase name="endTxWithNonExistentTransactionContext" classname="org.springframework.test.context.testng.transaction.programmatic.ProgrammaticTxMgmtTestNGTests" time="0.0"/>
  <testcase name="flagForCommitWithNonExistentTransactionContext" classname="org.springframework.test.context.testng.transaction.programmatic.ProgrammaticTxMgmtTestNGTests" time="0.0"/>
  <testcase name="flagForRollbackWithNonExistentTransactionContext" classname="org.springframework.test.context.testng.transaction.programmatic.ProgrammaticTxMgmtTestNGTests" time="0.0"/>
  <testcase name="isActiveWithNonExistentTransactionContext" classname="org.springframework.test.context.testng.transaction.programmatic.ProgrammaticTxMgmtTestNGTests" time="0.0"/>
  <testcase name="isFlaggedForRollbackWithNonExistentTransactionContext" classname="org.springframework.test.context.testng.transaction.programmatic.ProgrammaticTxMgmtTestNGTests" time="0.001"/>
  <testcase name="rollbackTxAndStartNewTx" classname="org.springframework.test.context.testng.transaction.programmatic.ProgrammaticTxMgmtTestNGTests" time="0.001"/>
  <testcase name="rollbackTxAndStartNewTxWithDefaultCommitSemantics" classname="org.springframework.test.context.testng.transaction.programmatic.ProgrammaticTxMgmtTestNGTests" time="0.001"/>
  <testcase name="rollbackTxButDoNotStartNewTx" classname="org.springframework.test.context.testng.transaction.programmatic.ProgrammaticTxMgmtTestNGTests" time="0.001"/>
  <testcase name="startTxWithExistingTransaction" classname="org.springframework.test.context.testng.transaction.programmatic.ProgrammaticTxMgmtTestNGTests" time="0.0"/>
  <testcase name="startTxWithNonExistentTransactionContext" classname="org.springframework.test.context.testng.transaction.programmatic.ProgrammaticTxMgmtTestNGTests" time="0.0"/>
  <system-out><![CDATA[]]></system-out>
  <system-err><![CDATA[]]></system-err>
</testsuite>
