<?xml version="1.0" encoding="UTF-8"?>
<testsuite name="org.springframework.test.web.reactive.server.samples.XmlContentTests" tests="5" skipped="0" failures="0" errors="0" timestamp="2021-12-25T12:14:39" hostname="chenqian981016deMacBook-Air.local" time="0.112">
  <properties/>
  <testcase name="postXmlContent()" classname="org.springframework.test.web.reactive.server.samples.XmlContentTests" time="0.048"/>
  <testcase name="xpathIsEqualTo()" classname="org.springframework.test.web.reactive.server.samples.XmlContentTests" time="0.011"/>
  <testcase name="xpathContainsSubstringViaRegex()" classname="org.springframework.test.web.reactive.server.samples.XmlContentTests" time="0.005"/>
  <testcase name="xmlContent()" classname="org.springframework.test.web.reactive.server.samples.XmlContentTests" time="0.013"/>
  <testcase name="xpathMatches()" classname="org.springframework.test.web.reactive.server.samples.XmlContentTests" time="0.003"/>
  <system-out><![CDATA[]]></system-out>
  <system-err><![CDATA[]]></system-err>
</testsuite>
