<?xml version="1.0" encoding="UTF-8"?>
<testsuite name="org.springframework.test.web.reactive.server.HeaderAssertionTests" tests="10" skipped="0" failures="0" errors="0" timestamp="2021-12-25T12:14:40" hostname="chenqian981016deMacBook-Air.local" time="0.005">
  <properties/>
  <testcase name="valueEquals()" classname="org.springframework.test.web.reactive.server.HeaderAssertionTests" time="0.001"/>
  <testcase name="cacheControl()" classname="org.springframework.test.web.reactive.server.HeaderAssertionTests" time="0.0"/>
  <testcase name="expires()" classname="org.springframework.test.web.reactive.server.HeaderAssertionTests" time="0.001"/>
  <testcase name="exists()" classname="org.springframework.test.web.reactive.server.HeaderAssertionTests" time="0.001"/>
  <testcase name="doesNotExist()" classname="org.springframework.test.web.reactive.server.HeaderAssertionTests" time="0.001"/>
  <testcase name="contentTypeCompatibleWith()" classname="org.springframework.test.web.reactive.server.HeaderAssertionTests" time="0.0"/>
  <testcase name="valueEqualsWithMultipleValues()" classname="org.springframework.test.web.reactive.server.HeaderAssertionTests" time="0.0"/>
  <testcase name="valueMatcher()" classname="org.springframework.test.web.reactive.server.HeaderAssertionTests" time="0.0"/>
  <testcase name="valueMatches()" classname="org.springframework.test.web.reactive.server.HeaderAssertionTests" time="0.001"/>
  <testcase name="lastModified()" classname="org.springframework.test.web.reactive.server.HeaderAssertionTests" time="0.0"/>
  <system-out><![CDATA[]]></system-out>
  <system-err><![CDATA[]]></system-err>
</testsuite>
