<?xml version="1.0" encoding="UTF-8"?>
<testsuite name="org.springframework.test.web.servlet.htmlunit.MockWebResponseBuilderTests" tests="11" skipped="0" failures="0" errors="0" timestamp="2021-12-25T12:14:38" hostname="chenqian981016deMacBook-Air.local" time="0.002">
  <properties/>
  <testcase name="buildStatus()" classname="org.springframework.test.web.servlet.htmlunit.MockWebResponseBuilderTests" time="0.0"/>
  <testcase name="buildResponseHeaders()" classname="org.springframework.test.web.servlet.htmlunit.MockWebResponseBuilderTests" time="0.001"/>
  <testcase name="buildWebRequest()" classname="org.springframework.test.web.servlet.htmlunit.MockWebResponseBuilderTests" time="0.0"/>
  <testcase name="buildStatusNotOk()" classname="org.springframework.test.web.servlet.htmlunit.MockWebResponseBuilderTests" time="0.0"/>
  <testcase name="constructorWithNullResponse()" classname="org.springframework.test.web.servlet.htmlunit.MockWebResponseBuilderTests" time="0.0"/>
  <testcase name="buildContent()" classname="org.springframework.test.web.servlet.htmlunit.MockWebResponseBuilderTests" time="0.0"/>
  <testcase name="buildContentCharset()" classname="org.springframework.test.web.servlet.htmlunit.MockWebResponseBuilderTests" time="0.0"/>
  <testcase name="buildContentType()" classname="org.springframework.test.web.servlet.htmlunit.MockWebResponseBuilderTests" time="0.0"/>
  <testcase name="constructorWithNullWebRequest()" classname="org.springframework.test.web.servlet.htmlunit.MockWebResponseBuilderTests" time="0.0"/>
  <testcase name="buildResponseHeadersNullDomainDefaulted()" classname="org.springframework.test.web.servlet.htmlunit.MockWebResponseBuilderTests" time="0.0"/>
  <testcase name="buildStatusWithCustomMessage()" classname="org.springframework.test.web.servlet.htmlunit.MockWebResponseBuilderTests" time="0.0"/>
  <system-out><![CDATA[]]></system-out>
  <system-err><![CDATA[]]></system-err>
</testsuite>
