<?xml version="1.0" encoding="UTF-8"?>
<testsuite name="org.springframework.test.web.reactive.server.samples.ExchangeMutatorTests" tests="2" skipped="0" failures="0" errors="0" timestamp="2021-12-25T12:14:40" hostname="chenqian981016deMacBook-Air.local" time="0.025">
  <properties/>
  <testcase name="useGloballyConfiguredIdentity()" classname="org.springframework.test.web.reactive.server.samples.ExchangeMutatorTests" time="0.012"/>
  <testcase name="useLocallyConfiguredIdentity()" classname="org.springframework.test.web.reactive.server.samples.ExchangeMutatorTests" time="0.013"/>
  <system-out><![CDATA[]]></system-out>
  <system-err><![CDATA[]]></system-err>
</testsuite>
