<?xml version="1.0" encoding="UTF-8"?>
<testsuite name="org.springframework.test.context.cache.SpringExtensionContextCacheTests" tests="3" skipped="0" failures="0" errors="0" timestamp="2021-12-25T12:14:27" hostname="chenqian981016deMacBook-Air.local" time="0.013">
  <properties/>
  <testcase name="dirtyContext()" classname="org.springframework.test.context.cache.SpringExtensionContextCacheTests" time="0.0"/>
  <testcase name="verifyContextDirty()" classname="org.springframework.test.context.cache.SpringExtensionContextCacheTests" time="0.0"/>
  <testcase name="verifyContextNotDirty()" classname="org.springframework.test.context.cache.SpringExtensionContextCacheTests" time="0.001"/>
  <system-out><![CDATA[]]></system-out>
  <system-err><![CDATA[]]></system-err>
</testsuite>
