<?xml version="1.0" encoding="UTF-8"?>
<testsuite name="org.springframework.test.web.client.samples.matchers.JsonPathRequestMatchersIntegrationTests" tests="9" skipped="0" failures="0" errors="0" timestamp="2021-12-25T12:14:40" hostname="chenqian981016deMacBook-Air.local" time="0.017">
  <properties/>
  <testcase name="exists()" classname="org.springframework.test.web.client.samples.matchers.JsonPathRequestMatchersIntegrationTests" time="0.002"/>
  <testcase name="isBoolean()" classname="org.springframework.test.web.client.samples.matchers.JsonPathRequestMatchersIntegrationTests" time="0.001"/>
  <testcase name="isNumber()" classname="org.springframework.test.web.client.samples.matchers.JsonPathRequestMatchersIntegrationTests" time="0.001"/>
  <testcase name="doesNotExist()" classname="org.springframework.test.web.client.samples.matchers.JsonPathRequestMatchersIntegrationTests" time="0.001"/>
  <testcase name="isString()" classname="org.springframework.test.web.client.samples.matchers.JsonPathRequestMatchersIntegrationTests" time="0.001"/>
  <testcase name="value()" classname="org.springframework.test.web.client.samples.matchers.JsonPathRequestMatchersIntegrationTests" time="0.001"/>
  <testcase name="hamcrestMatchersWithParameterizedJsonPaths()" classname="org.springframework.test.web.client.samples.matchers.JsonPathRequestMatchersIntegrationTests" time="0.001"/>
  <testcase name="hamcrestMatchers()" classname="org.springframework.test.web.client.samples.matchers.JsonPathRequestMatchersIntegrationTests" time="0.001"/>
  <testcase name="isArray()" classname="org.springframework.test.web.client.samples.matchers.JsonPathRequestMatchersIntegrationTests" time="0.001"/>
  <system-out><![CDATA[]]></system-out>
  <system-err><![CDATA[]]></system-err>
</testsuite>
