<?xml version="1.0" encoding="UTF-8"?>
<testsuite name="org.springframework.test.web.servlet.samples.standalone.RedirectTests" tests="5" skipped="0" failures="0" errors="0" timestamp="2021-12-25T12:14:36" hostname="chenqian981016deMacBook-Air.local" time="0.079">
  <properties/>
  <testcase name="saveSpecial()" classname="org.springframework.test.web.servlet.samples.standalone.RedirectTests" time="0.038"/>
  <testcase name="saveSpecialWithErrors()" classname="org.springframework.test.web.servlet.samples.standalone.RedirectTests" time="0.017"/>
  <testcase name="save()" classname="org.springframework.test.web.servlet.samples.standalone.RedirectTests" time="0.008"/>
  <testcase name="saveWithErrors()" classname="org.springframework.test.web.servlet.samples.standalone.RedirectTests" time="0.008"/>
  <testcase name="getPerson()" classname="org.springframework.test.web.servlet.samples.standalone.RedirectTests" time="0.008"/>
  <system-out><![CDATA[]]></system-out>
  <system-err><![CDATA[]]></system-err>
</testsuite>
