<?xml version="1.0" encoding="UTF-8"?>
<testsuite name="org.springframework.test.context.junit4.spr4868.Jsr250LifecycleTests" tests="2" skipped="0" failures="0" errors="0" timestamp="2021-12-25T12:14:44" hostname="chenqian981016deMacBook-Air.local" time="0.003">
  <properties/>
  <testcase name="test1" classname="org.springframework.test.context.junit4.spr4868.Jsr250LifecycleTests" time="0.0"/>
  <testcase name="test2" classname="org.springframework.test.context.junit4.spr4868.Jsr250LifecycleTests" time="0.001"/>
  <system-out><![CDATA[]]></system-out>
  <system-err><![CDATA[]]></system-err>
</testsuite>
