<?xml version="1.0" encoding="UTF-8"?>
<testsuite name="org.springframework.test.context.support.TestPropertySourceUtilsTests" tests="26" skipped="0" failures="0" errors="0" timestamp="2021-12-25T12:14:32" hostname="chenqian981016deMacBook-Air.local" time="0.011">
  <properties/>
  <testcase name="addInlinedPropertiesToEnvironmentWithMalformedUnicodeInValue()" classname="org.springframework.test.context.support.TestPropertySourceUtilsTests" time="0.001"/>
  <testcase name="addPropertiesFilesToEnvironmentWithSinglePropertyFromVirtualFile()" classname="org.springframework.test.context.support.TestPropertySourceUtilsTests" time="0.003"/>
  <testcase name="locationsAndValueAttributes()" classname="org.springframework.test.context.support.TestPropertySourceUtilsTests" time="0.001"/>
  <testcase name="overriddenProperties()" classname="org.springframework.test.context.support.TestPropertySourceUtilsTests" time="0.0"/>
  <testcase name="repeatedTestPropertySourcesWithConflictingInheritPropertiesFlags()" classname="org.springframework.test.context.support.TestPropertySourceUtilsTests" time="0.0"/>
  <testcase name="overriddenLocations()" classname="org.springframework.test.context.support.TestPropertySourceUtilsTests" time="0.001"/>
  <testcase name="addInlinedPropertiesToEnvironmentWithNullEnvironment()" classname="org.springframework.test.context.support.TestPropertySourceUtilsTests" time="0.0"/>
  <testcase name="emptyAnnotation()" classname="org.springframework.test.context.support.TestPropertySourceUtilsTests" time="0.0"/>
  <testcase name="overriddenLocationsAndProperties()" classname="org.springframework.test.context.support.TestPropertySourceUtilsTests" time="0.0"/>
  <testcase name="addInlinedPropertiesToEnvironmentWithMultipleKeyValuePairsInSingleInlinedProperty()" classname="org.springframework.test.context.support.TestPropertySourceUtilsTests" time="0.001"/>
  <testcase name="addInlinedPropertiesToEnvironmentWithNullContext()" classname="org.springframework.test.context.support.TestPropertySourceUtilsTests" time="0.0"/>
  <testcase name="value()" classname="org.springframework.test.context.support.TestPropertySourceUtilsTests" time="0.0"/>
  <testcase name="locationsAndProperties()" classname="org.springframework.test.context.support.TestPropertySourceUtilsTests" time="0.0"/>
  <testcase name="addPropertiesFilesToEnvironmentWithNullContext()" classname="org.springframework.test.context.support.TestPropertySourceUtilsTests" time="0.0"/>
  <testcase name="addPropertiesFilesToEnvironmentWithNullEnvironment()" classname="org.springframework.test.context.support.TestPropertySourceUtilsTests" time="0.0"/>
  <testcase name="addInlinedPropertiesToEnvironmentWithEmptyProperty()" classname="org.springframework.test.context.support.TestPropertySourceUtilsTests" time="0.001"/>
  <testcase name="addPropertiesFilesToEnvironmentWithEnvironmentAndNullLocations()" classname="org.springframework.test.context.support.TestPropertySourceUtilsTests" time="0.0"/>
  <testcase name="addPropertiesFilesToEnvironmentWithContextAndNullLocations()" classname="org.springframework.test.context.support.TestPropertySourceUtilsTests" time="0.0"/>
  <testcase name="extendedEmptyAnnotation()" classname="org.springframework.test.context.support.TestPropertySourceUtilsTests" time="0.001"/>
  <testcase name="addPropertiesFilesToEnvironmentWithEnvironmentLocationsAndNullResourceLoader()" classname="org.springframework.test.context.support.TestPropertySourceUtilsTests" time="0.0"/>
  <testcase name="convertInlinedPropertiesToMapWithNullInlinedProperties()" classname="org.springframework.test.context.support.TestPropertySourceUtilsTests" time="0.0"/>
  <testcase name="repeatedTestPropertySourcesWithConflictingInheritLocationsFlags()" classname="org.springframework.test.context.support.TestPropertySourceUtilsTests" time="0.001"/>
  <testcase name="addInlinedPropertiesToEnvironmentWithEnvironmentAndNullInlinedProperties()" classname="org.springframework.test.context.support.TestPropertySourceUtilsTests" time="0.0"/>
  <testcase name="extendedLocationsAndProperties()" classname="org.springframework.test.context.support.TestPropertySourceUtilsTests" time="0.001"/>
  <testcase name="addInlinedPropertiesToEnvironmentWithContextAndNullInlinedProperties()" classname="org.springframework.test.context.support.TestPropertySourceUtilsTests" time="0.0"/>
  <testcase name="inheritedLocationsAndProperties()" classname="org.springframework.test.context.support.TestPropertySourceUtilsTests" time="0.0"/>
  <system-out><![CDATA[20:14:32.118 [Test worker] ERROR o.s.t.c.s.TestPropertySourceAttributes - Could not detect default properties file for test class [org.springframework.test.context.support.TestPropertySourceUtilsTests$EmptyPropertySources]: class path resource [org/springframework/test/context/support/TestPropertySourceUtilsTests$EmptyPropertySources.properties] does not exist. Either declare the 'locations' or 'properties' attributes of @TestPropertySource or make the default properties file available.
20:14:32.120 [Test worker] ERROR o.s.t.c.s.TestPropertySourceAttributes - Could not detect default properties file for test class [org.springframework.test.context.support.TestPropertySourceUtilsTests$ExtendedEmptyPropertySources]: class path resource [org/springframework/test/context/support/TestPropertySourceUtilsTests$ExtendedEmptyPropertySources.properties] does not exist. Either declare the 'locations' or 'properties' attributes of @TestPropertySource or make the default properties file available.
]]></system-out>
  <system-err><![CDATA[]]></system-err>
</testsuite>
