<?xml version="1.0" encoding="UTF-8"?>
<testsuite name="org.springframework.test.context.groovy.GroovySpringContextTests" tests="6" skipped="0" failures="0" errors="0" timestamp="2021-12-25T12:14:32" hostname="chenqian981016deMacBook-Air.local" time="0.0">
  <properties/>
  <testcase name="verifyResourceAnnotationWiredFields()" classname="org.springframework.test.context.groovy.GroovySpringContextTests" time="0.0"/>
  <testcase name="verifyResourceAnnotationWiredMethods()" classname="org.springframework.test.context.groovy.GroovySpringContextTests" time="0.0"/>
  <testcase name="verifyBeanInitialized()" classname="org.springframework.test.context.groovy.GroovySpringContextTests" time="0.0"/>
  <testcase name="verifyBeanNameSet()" classname="org.springframework.test.context.groovy.GroovySpringContextTests" time="0.0"/>
  <testcase name="verifyAnnotationAutowiredFields()" classname="org.springframework.test.context.groovy.GroovySpringContextTests" time="0.0"/>
  <testcase name="verifyAnnotationAutowiredMethods()" classname="org.springframework.test.context.groovy.GroovySpringContextTests" time="0.0"/>
  <system-out><![CDATA[]]></system-out>
  <system-err><![CDATA[]]></system-err>
</testsuite>
