<?xml version="1.0" encoding="UTF-8"?>
<testsuite name="org.springframework.test.web.servlet.samples.spr.RequestContextHolderTests" tests="4" skipped="0" failures="0" errors="0" timestamp="2021-12-25T12:14:37" hostname="chenqian981016deMacBook-Air.local" time="0.008">
  <properties/>
  <testcase name="requestScopedController()" classname="org.springframework.test.web.servlet.samples.spr.RequestContextHolderTests" time="0.005"/>
  <testcase name="sessionScopedService()" classname="org.springframework.test.web.servlet.samples.spr.RequestContextHolderTests" time="0.001"/>
  <testcase name="requestScopedService()" classname="org.springframework.test.web.servlet.samples.spr.RequestContextHolderTests" time="0.001"/>
  <testcase name="singletonController()" classname="org.springframework.test.web.servlet.samples.spr.RequestContextHolderTests" time="0.001"/>
  <system-out><![CDATA[]]></system-out>
  <system-err><![CDATA[]]></system-err>
</testsuite>
