<?xml version="1.0" encoding="UTF-8"?>
<testsuite name="org.springframework.test.context.env.ExplicitPropertiesFileTestPropertySourceTests$FileSystemTests$UserDirPlaceholderTests" tests="1" skipped="0" failures="0" errors="0" timestamp="2021-12-25T12:14:32" hostname="chenqian981016deMacBook-Air.local" time="0.0">
  <properties/>
  <testcase name="verifyPropertiesAreAvailableInEnvironment()" classname="org.springframework.test.context.env.ExplicitPropertiesFileTestPropertySourceTests$FileSystemTests$UserDirPlaceholderTests" time="0.0"/>
  <system-out><![CDATA[]]></system-out>
  <system-err><![CDATA[]]></system-err>
</testsuite>
