<?xml version="1.0" encoding="UTF-8"?>
<testsuite name="org.springframework.test.context.junit.jupiter.EnabledIfAndDirtiesContextTests" tests="2" skipped="0" failures="0" errors="0" timestamp="2021-12-25T12:14:30" hostname="chenqian981016deMacBook-Air.local" time="0.017">
  <properties/>
  <testcase name="contextShouldBeClosedForDisabledTestClass()" classname="org.springframework.test.context.junit.jupiter.EnabledIfAndDirtiesContextTests" time="0.011"/>
  <testcase name="contextShouldBeClosedForEnabledTestClass()" classname="org.springframework.test.context.junit.jupiter.EnabledIfAndDirtiesContextTests" time="0.006"/>
  <system-out><![CDATA[]]></system-out>
  <system-err><![CDATA[]]></system-err>
</testsuite>
