<?xml version="1.0" encoding="UTF-8"?>
<testsuite name="org.springframework.test.web.reactive.server.samples.bind.WebFilterTests" tests="1" skipped="0" failures="0" errors="0" timestamp="2021-12-25T12:14:40" hostname="chenqian981016deMacBook-Air.local" time="0.001">
  <properties/>
  <testcase name="testWebFilter()" classname="org.springframework.test.web.reactive.server.samples.bind.WebFilterTests" time="0.001"/>
  <system-out><![CDATA[]]></system-out>
  <system-err><![CDATA[]]></system-err>
</testsuite>
