<?xml version="1.0" encoding="UTF-8"?>
<testsuite name="org.springframework.test.context.BootstrapUtilsTests" tests="9" skipped="0" failures="0" errors="0" timestamp="2021-12-25T12:14:27" hostname="chenqian981016deMacBook-Air.local" time="0.006">
  <properties/>
  <testcase name="resolveTestContextBootstrapperWithDoubleMetaBootstrapWithAnnotations()" classname="org.springframework.test.context.BootstrapUtilsTests" time="0.001"/>
  <testcase name="resolveTestContextBootstrapperForNonAnnotatedClass()" classname="org.springframework.test.context.BootstrapUtilsTests" time="0.002"/>
  <testcase name="resolveTestContextBootstrapperWithLocalDeclarationThatOverridesMetaBootstrapWithAnnotations()" classname="org.springframework.test.context.BootstrapUtilsTests" time="0.0"/>
  <testcase name="resolveTestContextBootstrapperWithEmptyBootstrapWithAnnotation()" classname="org.springframework.test.context.BootstrapUtilsTests" time="0.001"/>
  <testcase name="resolveTestContextBootstrapperWithDirectBootstrapWithAnnotation()" classname="org.springframework.test.context.BootstrapUtilsTests" time="0.0"/>
  <testcase name="resolveTestContextBootstrapperWithMetaBootstrapWithAnnotation()" classname="org.springframework.test.context.BootstrapUtilsTests" time="0.0"/>
  <testcase name="resolveTestContextBootstrapperWithInheritedBootstrapWithAnnotation()" classname="org.springframework.test.context.BootstrapUtilsTests" time="0.001"/>
  <testcase name="resolveTestContextBootstrapperForWebAppConfigurationAnnotatedClass()" classname="org.springframework.test.context.BootstrapUtilsTests" time="0.0"/>
  <testcase name="resolveTestContextBootstrapperWithDuplicatingMetaBootstrapWithAnnotations()" classname="org.springframework.test.context.BootstrapUtilsTests" time="0.001"/>
  <system-out><![CDATA[]]></system-out>
  <system-err><![CDATA[]]></system-err>
</testsuite>
