<?xml version="1.0" encoding="UTF-8"?>
<testsuite name="org.springframework.test.web.servlet.htmlunit.MockMvcConnectionBuilderSupportTests" tests="8" skipped="0" failures="0" errors="0" timestamp="2021-12-25T12:14:38" hostname="chenqian981016deMacBook-Air.local" time="0.007">
  <properties/>
  <testcase name="mockMvcExampleDotCom()" classname="org.springframework.test.web.servlet.htmlunit.MockMvcConnectionBuilderSupportTests" time="0.001"/>
  <testcase name="constructorMockMvcNull()" classname="org.springframework.test.web.servlet.htmlunit.MockMvcConnectionBuilderSupportTests" time="0.001"/>
  <testcase name="mockMvcAlwaysUseMockMvc()" classname="org.springframework.test.web.servlet.htmlunit.MockMvcConnectionBuilderSupportTests" time="0.001"/>
  <testcase name="constructorContextNull()" classname="org.springframework.test.web.servlet.htmlunit.MockMvcConnectionBuilderSupportTests" time="0.001"/>
  <testcase name="context()" classname="org.springframework.test.web.servlet.htmlunit.MockMvcConnectionBuilderSupportTests" time="0.0"/>
  <testcase name="mockMvc()" classname="org.springframework.test.web.servlet.htmlunit.MockMvcConnectionBuilderSupportTests" time="0.001"/>
  <testcase name="defaultContextPathEmpty()" classname="org.springframework.test.web.servlet.htmlunit.MockMvcConnectionBuilderSupportTests" time="0.001"/>
  <testcase name="defaultContextPathCustom()" classname="org.springframework.test.web.servlet.htmlunit.MockMvcConnectionBuilderSupportTests" time="0.001"/>
  <system-out><![CDATA[]]></system-out>
  <system-err><![CDATA[]]></system-err>
</testsuite>
