<?xml version="1.0" encoding="UTF-8"?>
<testsuite name="org.springframework.test.context.jdbc.NonTransactionalSqlScriptsTests" tests="2" skipped="0" failures="0" errors="0" timestamp="2021-12-25T12:14:31" hostname="chenqian981016deMacBook-Air.local" time="0.006">
  <properties/>
  <testcase name="classLevelScripts()" classname="org.springframework.test.context.jdbc.NonTransactionalSqlScriptsTests" time="0.005"/>
  <testcase name="methodLevelScripts()" classname="org.springframework.test.context.jdbc.NonTransactionalSqlScriptsTests" time="0.001"/>
  <system-out><![CDATA[]]></system-out>
  <system-err><![CDATA[]]></system-err>
</testsuite>
