<?xml version="1.0" encoding="UTF-8"?>
<testsuite name="org.springframework.test.context.cache.MethodLevelDirtiesContextTests" tests="4" skipped="0" failures="0" errors="0" timestamp="2021-12-25T12:14:28" hostname="chenqian981016deMacBook-Air.local" time="0.004">
  <properties/>
  <testcase name="basics()" classname="org.springframework.test.context.cache.MethodLevelDirtiesContextTests" time="0.0"/>
  <testcase name="dirtyContextBeforeTestMethod()" classname="org.springframework.test.context.cache.MethodLevelDirtiesContextTests" time="0.001"/>
  <testcase name="dirtyContextAfterTestMethod()" classname="org.springframework.test.context.cache.MethodLevelDirtiesContextTests" time="0.0"/>
  <testcase name="backToBasics()" classname="org.springframework.test.context.cache.MethodLevelDirtiesContextTests" time="0.001"/>
  <system-out><![CDATA[]]></system-out>
  <system-err><![CDATA[]]></system-err>
</testsuite>
