<?xml version="1.0" encoding="UTF-8"?>
<testsuite name="org.springframework.test.web.servlet.samples.standalone.ReactiveReturnTypeTests" tests="1" skipped="0" failures="0" errors="0" timestamp="2021-12-25T12:14:33" hostname="chenqian981016deMacBook-Air.local" time="3.034">
  <properties/>
  <testcase name="sseWithFlux()" classname="org.springframework.test.web.servlet.samples.standalone.ReactiveReturnTypeTests" time="3.034"/>
  <system-out><![CDATA[]]></system-out>
  <system-err><![CDATA[]]></system-err>
</testsuite>
