<?xml version="1.0" encoding="UTF-8"?>
<testsuite name="org.springframework.test.context.junit4.spr9051.AtBeanLiteModeScopeTests" tests="2" skipped="0" failures="0" errors="0" timestamp="2021-12-25T12:14:44" hostname="chenqian981016deMacBook-Air.local" time="0.001">
  <properties/>
  <testcase name="prototypeLiteBean" classname="org.springframework.test.context.junit4.spr9051.AtBeanLiteModeScopeTests" time="0.0"/>
  <testcase name="singletonLiteBean" classname="org.springframework.test.context.junit4.spr9051.AtBeanLiteModeScopeTests" time="0.001"/>
  <system-out><![CDATA[]]></system-out>
  <system-err><![CDATA[]]></system-err>
</testsuite>
