<?xml version="1.0" encoding="UTF-8"?>
<testsuite name="org.springframework.test.web.servlet.setup.SharedHttpSessionTests" tests="2" skipped="0" failures="0" errors="0" timestamp="2021-12-25T12:14:33" hostname="chenqian981016deMacBook-Air.local" time="0.018">
  <properties/>
  <testcase name="httpSession()" classname="org.springframework.test.web.servlet.setup.SharedHttpSessionTests" time="0.011"/>
  <testcase name="noHttpSession()" classname="org.springframework.test.web.servlet.setup.SharedHttpSessionTests" time="0.007"/>
  <system-out><![CDATA[]]></system-out>
  <system-err><![CDATA[]]></system-err>
</testsuite>
