<?xml version="1.0" encoding="UTF-8"?>
<testsuite name="org.springframework.test.web.servlet.samples.standalone.resultmatchers.UrlAssertionTests" tests="4" skipped="0" failures="0" errors="0" timestamp="2021-12-25T12:14:37" hostname="chenqian981016deMacBook-Air.local" time="0.022">
  <properties/>
  <testcase name="testRedirectPattern()" classname="org.springframework.test.web.servlet.samples.standalone.resultmatchers.UrlAssertionTests" time="0.006"/>
  <testcase name="testForward()" classname="org.springframework.test.web.servlet.samples.standalone.resultmatchers.UrlAssertionTests" time="0.006"/>
  <testcase name="testRedirect()" classname="org.springframework.test.web.servlet.samples.standalone.resultmatchers.UrlAssertionTests" time="0.005"/>
  <testcase name="testForwardPattern()" classname="org.springframework.test.web.servlet.samples.standalone.resultmatchers.UrlAssertionTests" time="0.005"/>
  <system-out><![CDATA[]]></system-out>
  <system-err><![CDATA[]]></system-err>
</testsuite>
