<?xml version="1.0" encoding="UTF-8"?>
<testsuite name="org.springframework.test.web.servlet.samples.context.AsyncControllerJavaConfigTests" tests="1" skipped="0" failures="0" errors="0" timestamp="2021-12-25T12:14:33" hostname="chenqian981016deMacBook-Air.local" time="0.012">
  <properties/>
  <testcase name="callableInterceptor()" classname="org.springframework.test.web.servlet.samples.context.AsyncControllerJavaConfigTests" time="0.012"/>
  <system-out><![CDATA[]]></system-out>
  <system-err><![CDATA[]]></system-err>
</testsuite>
