<?xml version="1.0" encoding="UTF-8"?>
<testsuite name="org.springframework.test.context.jdbc.SqlScriptsTestExecutionListenerTests" tests="5" skipped="0" failures="0" errors="0" timestamp="2021-12-25T12:14:31" hostname="chenqian981016deMacBook-Air.local" time="0.023">
  <properties/>
  <testcase name="valueAndScriptsDeclared()" classname="org.springframework.test.context.jdbc.SqlScriptsTestExecutionListenerTests" time="0.001"/>
  <testcase name="isolatedTxModeDeclaredWithoutTxMgr()" classname="org.springframework.test.context.jdbc.SqlScriptsTestExecutionListenerTests" time="0.018"/>
  <testcase name="missingDataSourceAndTxMgr()" classname="org.springframework.test.context.jdbc.SqlScriptsTestExecutionListenerTests" time="0.001"/>
  <testcase name="missingValueAndScriptsAndStatementsAtMethodLevel()" classname="org.springframework.test.context.jdbc.SqlScriptsTestExecutionListenerTests" time="0.002"/>
  <testcase name="missingValueAndScriptsAndStatementsAtClassLevel()" classname="org.springframework.test.context.jdbc.SqlScriptsTestExecutionListenerTests" time="0.001"/>
  <system-out><![CDATA[20:14:31.733 [Test worker] ERROR o.s.t.c.j.SqlScriptsTestExecutionListener - Could not detect default SQL script for test method [public void org.springframework.test.context.jdbc.SqlScriptsTestExecutionListenerTests$MissingValueAndScriptsAndStatementsAtMethodLevel.foo()]: class path resource [org/springframework/test/context/jdbc/SqlScriptsTestExecutionListenerTests$MissingValueAndScriptsAndStatementsAtMethodLevel.foo.sql] does not exist. Either declare statements or scripts via @Sql or make the default SQL script available.
20:14:31.734 [Test worker] ERROR o.s.t.c.j.SqlScriptsTestExecutionListener - Could not detect default SQL script for test class [org.springframework.test.context.jdbc.SqlScriptsTestExecutionListenerTests$MissingValueAndScriptsAndStatementsAtClassLevel]: class path resource [org/springframework/test/context/jdbc/SqlScriptsTestExecutionListenerTests$MissingValueAndScriptsAndStatementsAtClassLevel.sql] does not exist. Either declare statements or scripts via @Sql or make the default SQL script available.
]]></system-out>
  <system-err><![CDATA[]]></system-err>
</testsuite>
