<?xml version="1.0" encoding="UTF-8"?>
<testsuite name="org.springframework.test.context.ContextHierarchyDirtiesContextTests" tests="4" skipped="0" failures="0" errors="0" timestamp="2021-12-25T12:14:31" hostname="chenqian981016deMacBook-Air.local" time="0.039">
  <properties/>
  <testcase name="classLevelDirtiesContextWithCurrentLevelHierarchyMode()" classname="org.springframework.test.context.ContextHierarchyDirtiesContextTests" time="0.025"/>
  <testcase name="classLevelDirtiesContextWithExhaustiveHierarchyMode()" classname="org.springframework.test.context.ContextHierarchyDirtiesContextTests" time="0.007"/>
  <testcase name="methodLevelDirtiesContextWithCurrentLevelHierarchyMode()" classname="org.springframework.test.context.ContextHierarchyDirtiesContextTests" time="0.004"/>
  <testcase name="methodLevelDirtiesContextWithExhaustiveHierarchyMode()" classname="org.springframework.test.context.ContextHierarchyDirtiesContextTests" time="0.003"/>
  <system-out><![CDATA[]]></system-out>
  <system-err><![CDATA[]]></system-err>
</testsuite>
