<?xml version="1.0" encoding="UTF-8"?>
<testsuite name="org.springframework.test.context.junit4.rules.ParameterizedSpringRuleTests" tests="2" skipped="0" failures="0" errors="0" timestamp="2021-12-25T12:14:46" hostname="chenqian981016deMacBook-Air.local" time="0.009">
  <properties/>
  <testcase name="verifyPetAndEmployee[bean [employee1], employee [John Smith]]" classname="org.springframework.test.context.junit4.rules.ParameterizedSpringRuleTests" time="0.009"/>
  <testcase name="verifyPetAndEmployee[bean [employee2], employee [Jane Smith]]" classname="org.springframework.test.context.junit4.rules.ParameterizedSpringRuleTests" time="0.0"/>
  <system-out><![CDATA[]]></system-out>
  <system-err><![CDATA[]]></system-err>
</testsuite>
