<?xml version="1.0" encoding="UTF-8"?>
<testsuite name="org.springframework.test.web.servlet.samples.standalone.resultmatchers.StatusAssertionTests" tests="5" skipped="0" failures="0" errors="0" timestamp="2021-12-25T12:14:37" hostname="chenqian981016deMacBook-Air.local" time="0.024">
  <properties/>
  <testcase name="testStatusInt()" classname="org.springframework.test.web.servlet.samples.standalone.resultmatchers.StatusAssertionTests" time="0.001"/>
  <testcase name="testReasonEqualTo()" classname="org.springframework.test.web.servlet.samples.standalone.resultmatchers.StatusAssertionTests" time="0.001"/>
  <testcase name="testHttpStatus()" classname="org.springframework.test.web.servlet.samples.standalone.resultmatchers.StatusAssertionTests" time="0.001"/>
  <testcase name="testMatcher()" classname="org.springframework.test.web.servlet.samples.standalone.resultmatchers.StatusAssertionTests" time="0.0"/>
  <testcase name="testReasonMatcher()" classname="org.springframework.test.web.servlet.samples.standalone.resultmatchers.StatusAssertionTests" time="0.0"/>
  <system-out><![CDATA[]]></system-out>
  <system-err><![CDATA[]]></system-err>
</testsuite>
