<?xml version="1.0" encoding="UTF-8"?>
<testsuite name="org.springframework.test.web.servlet.samples.standalone.resultmatchers.ContentAssertionTests" tests="5" skipped="0" failures="0" errors="0" timestamp="2021-12-25T12:14:37" hostname="chenqian981016deMacBook-Air.local" time="0.028">
  <properties/>
  <testcase name="testCharacterEncoding()" classname="org.springframework.test.web.servlet.samples.standalone.resultmatchers.ContentAssertionTests" time="0.006"/>
  <testcase name="testContentAsBytes()" classname="org.springframework.test.web.servlet.samples.standalone.resultmatchers.ContentAssertionTests" time="0.006"/>
  <testcase name="testContentType()" classname="org.springframework.test.web.servlet.samples.standalone.resultmatchers.ContentAssertionTests" time="0.005"/>
  <testcase name="testContentStringMatcher()" classname="org.springframework.test.web.servlet.samples.standalone.resultmatchers.ContentAssertionTests" time="0.005"/>
  <testcase name="testContentAsString()" classname="org.springframework.test.web.servlet.samples.standalone.resultmatchers.ContentAssertionTests" time="0.006"/>
  <system-out><![CDATA[]]></system-out>
  <system-err><![CDATA[]]></system-err>
</testsuite>
