<?xml version="1.0" encoding="UTF-8"?>
<testsuite name="org.springframework.test.context.junit4.statements.SpringFailOnTimeoutTests" tests="5" skipped="0" failures="0" errors="0" timestamp="2021-12-25T12:14:44" hostname="chenqian981016deMacBook-Air.local" time="0.054">
  <properties/>
  <testcase name="negativeTimeout" classname="org.springframework.test.context.junit4.statements.SpringFailOnTimeoutTests" time="0.0"/>
  <testcase name="timeoutExceptionThrownIfNoUserException" classname="org.springframework.test.context.junit4.statements.SpringFailOnTimeoutTests" time="0.052"/>
  <testcase name="nullNextStatement" classname="org.springframework.test.context.junit4.statements.SpringFailOnTimeoutTests" time="0.0"/>
  <testcase name="userExceptionPropagates" classname="org.springframework.test.context.junit4.statements.SpringFailOnTimeoutTests" time="0.001"/>
  <testcase name="noExceptionThrownIfNoUserExceptionAndTimeoutDoesNotOccur" classname="org.springframework.test.context.junit4.statements.SpringFailOnTimeoutTests" time="0.0"/>
  <system-out><![CDATA[]]></system-out>
  <system-err><![CDATA[]]></system-err>
</testsuite>
