<?xml version="1.0" encoding="UTF-8"?>
<testsuite name="org.springframework.test.web.client.match.XpathRequestMatchersTests" tests="14" skipped="0" failures="0" errors="0" timestamp="2021-12-25T12:14:40" hostname="chenqian981016deMacBook-Air.local" time="0.018">
  <properties/>
  <testcase name="testExistsNoMatch()" classname="org.springframework.test.web.client.match.XpathRequestMatchersTests" time="0.002"/>
  <testcase name="testBooleanNoMatch()" classname="org.springframework.test.web.client.match.XpathRequestMatchersTests" time="0.002"/>
  <testcase name="testNodeCountNoMatch()" classname="org.springframework.test.web.client.match.XpathRequestMatchersTests" time="0.001"/>
  <testcase name="testNodeMatcherNoMatch()" classname="org.springframework.test.web.client.match.XpathRequestMatchersTests" time="0.001"/>
  <testcase name="testBoolean()" classname="org.springframework.test.web.client.match.XpathRequestMatchersTests" time="0.001"/>
  <testcase name="testStringNoMatch()" classname="org.springframework.test.web.client.match.XpathRequestMatchersTests" time="0.001"/>
  <testcase name="testNumberNoMatch()" classname="org.springframework.test.web.client.match.XpathRequestMatchersTests" time="0.001"/>
  <testcase name="testDoesNotExist()" classname="org.springframework.test.web.client.match.XpathRequestMatchersTests" time="0.005"/>
  <testcase name="testNodeMatcher()" classname="org.springframework.test.web.client.match.XpathRequestMatchersTests" time="0.001"/>
  <testcase name="testNodeCount()" classname="org.springframework.test.web.client.match.XpathRequestMatchersTests" time="0.001"/>
  <testcase name="testExists()" classname="org.springframework.test.web.client.match.XpathRequestMatchersTests" time="0.0"/>
  <testcase name="testDoesNotExistNoMatch()" classname="org.springframework.test.web.client.match.XpathRequestMatchersTests" time="0.001"/>
  <testcase name="testNumber()" classname="org.springframework.test.web.client.match.XpathRequestMatchersTests" time="0.001"/>
  <testcase name="testString()" classname="org.springframework.test.web.client.match.XpathRequestMatchersTests" time="0.0"/>
  <system-out><![CDATA[]]></system-out>
  <system-err><![CDATA[]]></system-err>
</testsuite>
