<?xml version="1.0" encoding="UTF-8"?>
<testsuite name="org.springframework.test.web.servlet.samples.spr.ControllerAdviceIntegrationTests" tests="2" skipped="0" failures="0" errors="0" timestamp="2021-12-25T12:14:38" hostname="chenqian981016deMacBook-Air.local" time="0.003">
  <properties/>
  <testcase name="prototypeAndRequestScopedControllerAdviceBeansAreNotCached()" classname="org.springframework.test.web.servlet.samples.spr.ControllerAdviceIntegrationTests" time="0.002"/>
  <testcase name="controllerAdviceIsAppliedOnlyOnce()" classname="org.springframework.test.web.servlet.samples.spr.ControllerAdviceIntegrationTests" time="0.001"/>
  <system-out><![CDATA[]]></system-out>
  <system-err><![CDATA[]]></system-err>
</testsuite>
