<?xml version="1.0" encoding="UTF-8"?>
<testsuite name="org.springframework.test.context.junit.jupiter.DisabledIfAndDirtiesContextTests" tests="2" skipped="0" failures="0" errors="0" timestamp="2021-12-25T12:14:31" hostname="chenqian981016deMacBook-Air.local" time="0.013">
  <properties/>
  <testcase name="contextShouldBeClosedForDisabledTestClass()" classname="org.springframework.test.context.junit.jupiter.DisabledIfAndDirtiesContextTests" time="0.009"/>
  <testcase name="contextShouldBeClosedForEnabledTestClass()" classname="org.springframework.test.context.junit.jupiter.DisabledIfAndDirtiesContextTests" time="0.004"/>
  <system-out><![CDATA[]]></system-out>
  <system-err><![CDATA[]]></system-err>
</testsuite>
