<?xml version="1.0" encoding="UTF-8"?>
<testsuite name="org.springframework.test.context.junit4.RepeatedSpringRunnerTests" tests="6" skipped="0" failures="0" errors="0" timestamp="2021-12-25T12:14:43" hostname="chenqian981016deMacBook-Air.local" time="0.281">
  <properties/>
  <testcase name="assertRepetitions[NonAnnotatedRepeatedTestCase]" classname="org.springframework.test.context.junit4.RepeatedSpringRunnerTests" time="0.001"/>
  <testcase name="assertRepetitions[DefaultRepeatValueRepeatedTestCase]" classname="org.springframework.test.context.junit4.RepeatedSpringRunnerTests" time="0.001"/>
  <testcase name="assertRepetitions[NegativeRepeatValueRepeatedTestCase]" classname="org.springframework.test.context.junit4.RepeatedSpringRunnerTests" time="0.001"/>
  <testcase name="assertRepetitions[RepeatedFiveTimesRepeatedTestCase]" classname="org.springframework.test.context.junit4.RepeatedSpringRunnerTests" time="0.001"/>
  <testcase name="assertRepetitions[RepeatedFiveTimesViaMetaAnnotationRepeatedTestCase]" classname="org.springframework.test.context.junit4.RepeatedSpringRunnerTests" time="0.003"/>
  <testcase name="assertRepetitions[TimedRepeatedTestCase]" classname="org.springframework.test.context.junit4.RepeatedSpringRunnerTests" time="0.272"/>
  <system-out><![CDATA[]]></system-out>
  <system-err><![CDATA[]]></system-err>
</testsuite>
