<?xml version="1.0" encoding="UTF-8"?>
<testsuite name="org.springframework.test.web.reactive.server.MockServerSpecTests" tests="2" skipped="0" failures="0" errors="0" timestamp="2021-12-25T12:14:39" hostname="chenqian981016deMacBook-Air.local" time="0.005">
  <properties/>
  <testcase name="applyFiltersAfterConfigurerAdded()" classname="org.springframework.test.web.reactive.server.MockServerSpecTests" time="0.003"/>
  <testcase name="applyFiltersBeforeServerCreated()" classname="org.springframework.test.web.reactive.server.MockServerSpecTests" time="0.002"/>
  <system-out><![CDATA[]]></system-out>
  <system-err><![CDATA[]]></system-err>
</testsuite>
