<?xml version="1.0" encoding="UTF-8"?>
<testsuite name="org.springframework.test.web.servlet.samples.standalone.resultmatchers.FlashAttributeAssertionTests" tests="4" skipped="0" failures="0" errors="0" timestamp="2021-12-25T12:14:37" hostname="chenqian981016deMacBook-Air.local" time="0.033">
  <properties/>
  <testcase name="attributeExists()" classname="org.springframework.test.web.servlet.samples.standalone.resultmatchers.FlashAttributeAssertionTests" time="0.001"/>
  <testcase name="attributeEqualTo()" classname="org.springframework.test.web.servlet.samples.standalone.resultmatchers.FlashAttributeAssertionTests" time="0.012"/>
  <testcase name="attributeCountWithWrongCount()" classname="org.springframework.test.web.servlet.samples.standalone.resultmatchers.FlashAttributeAssertionTests" time="0.004"/>
  <testcase name="attributeMatchers()" classname="org.springframework.test.web.servlet.samples.standalone.resultmatchers.FlashAttributeAssertionTests" time="0.001"/>
  <system-out><![CDATA[]]></system-out>
  <system-err><![CDATA[]]></system-err>
</testsuite>
