<?xml version="1.0" encoding="UTF-8"?>
<testsuite name="org.springframework.test.context.support.DynamicPropertiesContextCustomizerTests" tests="7" skipped="0" failures="0" errors="0" timestamp="2021-12-25T12:14:32" hostname="chenqian981016deMacBook-Air.local" time="0.023">
  <properties/>
  <testcase name="createWhenNonStaticDynamicPropertiesMethodThrowsException()" classname="org.springframework.test.context.support.DynamicPropertiesContextCustomizerTests" time="0.001"/>
  <testcase name="nullPropertyNameResultsInException()" classname="org.springframework.test.context.support.DynamicPropertiesContextCustomizerTests" time="0.021"/>
  <testcase name="equalsAndHashCode()" classname="org.springframework.test.context.support.DynamicPropertiesContextCustomizerTests" time="0.0"/>
  <testcase name="nullValueSupplierResultsInException()" classname="org.springframework.test.context.support.DynamicPropertiesContextCustomizerTests" time="0.0"/>
  <testcase name="emptyPropertyNameResultsInException()" classname="org.springframework.test.context.support.DynamicPropertiesContextCustomizerTests" time="0.0"/>
  <testcase name="customizeContextAddsPropertySource()" classname="org.springframework.test.context.support.DynamicPropertiesContextCustomizerTests" time="0.0"/>
  <testcase name="createWhenBadDynamicPropertiesSignatureThrowsException()" classname="org.springframework.test.context.support.DynamicPropertiesContextCustomizerTests" time="0.0"/>
  <system-out><![CDATA[]]></system-out>
  <system-err><![CDATA[]]></system-err>
</testsuite>
