<?xml version="1.0" encoding="UTF-8"?>
<testsuite name="org.springframework.test.context.junit.jupiter.EnabledIfTests$EnabledIfOnMethodTests" tests="13" skipped="12" failures="0" errors="0" timestamp="2021-12-25T12:14:31" hostname="chenqian981016deMacBook-Air.local" time="0.009">
  <properties/>
  <testcase name="enabledIfWithSpelBooleanWithSurroundingWhitespace()" classname="org.springframework.test.context.junit.jupiter.EnabledIfTests$EnabledIfOnMethodTests" time="0.001">
    <skipped/>
  </testcase>
  <testcase name="enabledIfWithPropertyPlaceholderWithSurroundingWhitespace()" classname="org.springframework.test.context.junit.jupiter.EnabledIfTests$EnabledIfOnMethodTests" time="0.0">
    <skipped/>
  </testcase>
  <testcase name="enabledIfWithPropertyPlaceholder()" classname="org.springframework.test.context.junit.jupiter.EnabledIfTests$EnabledIfOnMethodTests" time="0.0">
    <skipped/>
  </testcase>
  <testcase name="enabledIfWithSpelStringFalseBean()" classname="org.springframework.test.context.junit.jupiter.EnabledIfTests$EnabledIfOnMethodTests" time="0.0">
    <skipped/>
  </testcase>
  <testcase name="enabledIfWithSpelArithmeticComparison()" classname="org.springframework.test.context.junit.jupiter.EnabledIfTests$EnabledIfOnMethodTests" time="0.0">
    <skipped/>
  </testcase>
  <testcase name="enabledIfWithSpelBoolean()" classname="org.springframework.test.context.junit.jupiter.EnabledIfTests$EnabledIfOnMethodTests" time="0.0">
    <skipped/>
  </testcase>
  <testcase name="enabledIfWithSpelStringConcatenation()" classname="org.springframework.test.context.junit.jupiter.EnabledIfTests$EnabledIfOnMethodTests" time="0.0">
    <skipped/>
  </testcase>
  <testcase name="enabledIfWithStringFalse()" classname="org.springframework.test.context.junit.jupiter.EnabledIfTests$EnabledIfOnMethodTests" time="0.0">
    <skipped/>
  </testcase>
  <testcase name="enabledIfWithSpelOsCheckInCustomComposedAnnotation()" classname="org.springframework.test.context.junit.jupiter.EnabledIfTests$EnabledIfOnMethodTests" time="0.001"/>
  <testcase name="enabledIfWithPropertyPlaceholderForNonexistentPropertyWithDefaultValue()" classname="org.springframework.test.context.junit.jupiter.EnabledIfTests$EnabledIfOnMethodTests" time="0.0">
    <skipped/>
  </testcase>
  <testcase name="enabledIfWithStringFalseWithSurroundingWhitespace()" classname="org.springframework.test.context.junit.jupiter.EnabledIfTests$EnabledIfOnMethodTests" time="0.0">
    <skipped/>
  </testcase>
  <testcase name="enabledIfWithSpelBooleanFalseBean()" classname="org.springframework.test.context.junit.jupiter.EnabledIfTests$EnabledIfOnMethodTests" time="0.001">
    <skipped/>
  </testcase>
  <testcase name="enabledIfWithStringFalseIgnoreCase()" classname="org.springframework.test.context.junit.jupiter.EnabledIfTests$EnabledIfOnMethodTests" time="0.0">
    <skipped/>
  </testcase>
  <system-out><![CDATA[]]></system-out>
  <system-err><![CDATA[]]></system-err>
</testsuite>
