<?xml version="1.0" encoding="UTF-8"?>
<testsuite name="org.springframework.test.context.transaction.ejb.CommitForRequiresNewEjbTxDaoTests" tests="3" skipped="0" failures="0" errors="0" timestamp="2021-12-25T12:14:27" hostname="chenqian981016deMacBook-Air.local" time="0.007">
  <properties/>
  <testcase name="test1InitialState()" classname="org.springframework.test.context.transaction.ejb.CommitForRequiresNewEjbTxDaoTests" time="0.003"/>
  <testcase name="test2IncrementCount1()" classname="org.springframework.test.context.transaction.ejb.CommitForRequiresNewEjbTxDaoTests" time="0.002"/>
  <testcase name="test3IncrementCount2()" classname="org.springframework.test.context.transaction.ejb.CommitForRequiresNewEjbTxDaoTests" time="0.002"/>
  <system-out><![CDATA[]]></system-out>
  <system-err><![CDATA[]]></system-err>
</testsuite>
