<?xml version="1.0" encoding="UTF-8"?>
<testsuite name="org.springframework.test.web.servlet.htmlunit.MockMvcWebConnectionTests" tests="6" skipped="0" failures="0" errors="0" timestamp="2021-12-25T12:14:38" hostname="chenqian981016deMacBook-Air.local" time="0.16">
  <properties/>
  <testcase name="contextPathDoesNotStartWithSlash()" classname="org.springframework.test.web.servlet.htmlunit.MockMvcWebConnectionTests" time="0.001"/>
  <testcase name="forward()" classname="org.springframework.test.web.servlet.htmlunit.MockMvcWebConnectionTests" time="0.109"/>
  <testcase name="contextPathEmpty()" classname="org.springframework.test.web.servlet.htmlunit.MockMvcWebConnectionTests" time="0.011"/>
  <testcase name="contextPathEndsWithSlash()" classname="org.springframework.test.web.servlet.htmlunit.MockMvcWebConnectionTests" time="0.001"/>
  <testcase name="contextPathExplicit()" classname="org.springframework.test.web.servlet.htmlunit.MockMvcWebConnectionTests" time="0.005"/>
  <testcase name="contextPathNull()" classname="org.springframework.test.web.servlet.htmlunit.MockMvcWebConnectionTests" time="0.005"/>
  <system-out><![CDATA[]]></system-out>
  <system-err><![CDATA[]]></system-err>
</testsuite>
