<?xml version="1.0" encoding="UTF-8"?>
<testsuite name="org.springframework.test.web.servlet.htmlunit.HostRequestMatcherTests" tests="5" skipped="0" failures="0" errors="0" timestamp="2021-12-25T12:14:38" hostname="chenqian981016deMacBook-Air.local" time="0.001">
  <properties/>
  <testcase name="specificPort()" classname="org.springframework.test.web.servlet.htmlunit.HostRequestMatcherTests" time="0.0"/>
  <testcase name="localhost()" classname="org.springframework.test.web.servlet.htmlunit.HostRequestMatcherTests" time="0.001"/>
  <testcase name="multipleHosts()" classname="org.springframework.test.web.servlet.htmlunit.HostRequestMatcherTests" time="0.0"/>
  <testcase name="defaultHttpPort()" classname="org.springframework.test.web.servlet.htmlunit.HostRequestMatcherTests" time="0.0"/>
  <testcase name="defaultHttpsPort()" classname="org.springframework.test.web.servlet.htmlunit.HostRequestMatcherTests" time="0.0"/>
  <system-out><![CDATA[]]></system-out>
  <system-err><![CDATA[]]></system-err>
</testsuite>
