<?xml version="1.0" encoding="UTF-8"?>
<testsuite name="org.springframework.test.web.servlet.result.StatusResultMatchersTests" tests="2" skipped="0" failures="0" errors="0" timestamp="2021-12-25T12:14:33" hostname="chenqian981016deMacBook-Air.local" time="0.002">
  <properties/>
  <testcase name="testHttpStatusCodeResultMatchers()" classname="org.springframework.test.web.servlet.result.StatusResultMatchersTests" time="0.0"/>
  <testcase name="statusRanges()" classname="org.springframework.test.web.servlet.result.StatusResultMatchersTests" time="0.002"/>
  <system-out><![CDATA[]]></system-out>
  <system-err><![CDATA[]]></system-err>
</testsuite>
