<?xml version="1.0" encoding="UTF-8"?>
<testsuite name="org.springframework.test.context.support.DirtiesContextTestExecutionListenerTests" tests="19" skipped="0" failures="0" errors="0" timestamp="2021-12-25T12:14:32" hostname="chenqian981016deMacBook-Air.local" time="0.026">
  <properties/>
  <testcase name="beforeAndAfterTestClassForDirtiesContextDeclaredLocallyOnClassAfterEachTestMethod()" classname="org.springframework.test.context.support.DirtiesContextTestExecutionListenerTests" time="0.0"/>
  <testcase name="beforeAndAfterTestClassForDirtiesContextDeclaredViaMetaAnnotationWithOverriddenAttributes()" classname="org.springframework.test.context.support.DirtiesContextTestExecutionListenerTests" time="0.005"/>
  <testcase name="beforeAndAfterTestMethodForDirtiesContextDeclaredLocallyOnClassBeforeClass()" classname="org.springframework.test.context.support.DirtiesContextTestExecutionListenerTests" time="0.001"/>
  <testcase name="beforeAndAfterTestClassForDirtiesContextDeclaredViaMetaAnnotationOnClassAfterEachTestMethod()" classname="org.springframework.test.context.support.DirtiesContextTestExecutionListenerTests" time="0.001"/>
  <testcase name="beforeAndAfterTestMethodForDirtiesContextDeclaredLocallyOnMethodWithBeforeMethodMode()" classname="org.springframework.test.context.support.DirtiesContextTestExecutionListenerTests" time="0.002"/>
  <testcase name="beforeAndAfterTestMethodForDirtiesContextViaMetaAnnotationWithOverrides()" classname="org.springframework.test.context.support.DirtiesContextTestExecutionListenerTests" time="0.0"/>
  <testcase name="beforeAndAfterTestMethodForDirtiesContextDeclaredLocallyOnClassAfterClass()" classname="org.springframework.test.context.support.DirtiesContextTestExecutionListenerTests" time="0.001"/>
  <testcase name="beforeAndAfterTestClassForDirtiesContextDeclaredViaMetaAnnotationOnClassAfterClass()" classname="org.springframework.test.context.support.DirtiesContextTestExecutionListenerTests" time="0.001"/>
  <testcase name="beforeAndAfterTestClassForDirtiesContextDeclaredLocallyOnMethod()" classname="org.springframework.test.context.support.DirtiesContextTestExecutionListenerTests" time="0.001"/>
  <testcase name="beforeAndAfterTestMethodForDirtiesContextDeclaredOnMethodViaMetaAnnotationWithAfterMethodMode()" classname="org.springframework.test.context.support.DirtiesContextTestExecutionListenerTests" time="0.0"/>
  <testcase name="beforeAndAfterTestClassForDirtiesContextDeclaredLocallyOnClassBeforeEachTestMethod()" classname="org.springframework.test.context.support.DirtiesContextTestExecutionListenerTests" time="0.001"/>
  <testcase name="beforeAndAfterTestClassForDirtiesContextDeclaredLocallyOnClassAfterClass()" classname="org.springframework.test.context.support.DirtiesContextTestExecutionListenerTests" time="0.0"/>
  <testcase name="beforeAndAfterTestMethodForDirtiesContextDeclaredViaMetaAnnotationOnClassAfterClass()" classname="org.springframework.test.context.support.DirtiesContextTestExecutionListenerTests" time="0.001"/>
  <testcase name="beforeAndAfterTestMethodForDirtiesContextDeclaredLocallyOnClassAfterEachTestMethod()" classname="org.springframework.test.context.support.DirtiesContextTestExecutionListenerTests" time="0.001"/>
  <testcase name="beforeAndAfterTestClassForDirtiesContextDeclaredViaMetaAnnotationWithOverrides()" classname="org.springframework.test.context.support.DirtiesContextTestExecutionListenerTests" time="0.0"/>
  <testcase name="beforeAndAfterTestMethodForDirtiesContextDeclaredLocallyOnMethodWithAfterMethodMode()" classname="org.springframework.test.context.support.DirtiesContextTestExecutionListenerTests" time="0.004"/>
  <testcase name="beforeAndAfterTestMethodForDirtiesContextDeclaredViaMetaAnnotationOnClassAfterEachTestMethod()" classname="org.springframework.test.context.support.DirtiesContextTestExecutionListenerTests" time="0.002"/>
  <testcase name="beforeAndAfterTestClassForDirtiesContextDeclaredLocallyOnClassBeforeClass()" classname="org.springframework.test.context.support.DirtiesContextTestExecutionListenerTests" time="0.0"/>
  <testcase name="beforeAndAfterTestMethodForDirtiesContextDeclaredLocallyOnClassBeforeEachTestMethod()" classname="org.springframework.test.context.support.DirtiesContextTestExecutionListenerTests" time="0.001"/>
  <system-out><![CDATA[]]></system-out>
  <system-err><![CDATA[]]></system-err>
</testsuite>
