<?xml version="1.0" encoding="UTF-8"?>
<testsuite name="org.springframework.test.web.client.response.ResponseCreatorsTests" tests="10" skipped="0" failures="0" errors="0" timestamp="2021-12-25T12:14:40" hostname="chenqian981016deMacBook-Air.local" time="0.003">
  <properties/>
  <testcase name="withStatus()" classname="org.springframework.test.web.client.response.ResponseCreatorsTests" time="0.001"/>
  <testcase name="withException()" classname="org.springframework.test.web.client.response.ResponseCreatorsTests" time="0.0"/>
  <testcase name="success()" classname="org.springframework.test.web.client.response.ResponseCreatorsTests" time="0.0"/>
  <testcase name="successWithContent()" classname="org.springframework.test.web.client.response.ResponseCreatorsTests" time="0.001"/>
  <testcase name="serverError()" classname="org.springframework.test.web.client.response.ResponseCreatorsTests" time="0.0"/>
  <testcase name="badRequest()" classname="org.springframework.test.web.client.response.ResponseCreatorsTests" time="0.0"/>
  <testcase name="unauthorized()" classname="org.springframework.test.web.client.response.ResponseCreatorsTests" time="0.0"/>
  <testcase name="successWithContentWithoutContentType()" classname="org.springframework.test.web.client.response.ResponseCreatorsTests" time="0.0"/>
  <testcase name="created()" classname="org.springframework.test.web.client.response.ResponseCreatorsTests" time="0.001"/>
  <testcase name="noContent()" classname="org.springframework.test.web.client.response.ResponseCreatorsTests" time="0.0"/>
  <system-out><![CDATA[]]></system-out>
  <system-err><![CDATA[]]></system-err>
</testsuite>
