<?xml version="1.0" encoding="UTF-8"?>
<testsuite name="org.springframework.test.context.jdbc.merging.ClassLevelMergeSqlMergeModeTests" tests="3" skipped="0" failures="0" errors="0" timestamp="2021-12-25T12:14:31" hostname="chenqian981016deMacBook-Air.local" time="0.003">
  <properties/>
  <testcase name="overridden()" classname="org.springframework.test.context.jdbc.merging.ClassLevelMergeSqlMergeModeTests" time="0.001"/>
  <testcase name="merged()" classname="org.springframework.test.context.jdbc.merging.ClassLevelMergeSqlMergeModeTests" time="0.002"/>
  <testcase name="classLevelScripts()" classname="org.springframework.test.context.jdbc.merging.ClassLevelMergeSqlMergeModeTests" time="0.0"/>
  <system-out><![CDATA[]]></system-out>
  <system-err><![CDATA[]]></system-err>
</testsuite>
