<?xml version="1.0" encoding="UTF-8"?>
<testsuite name="org.springframework.test.web.client.DefaultRequestExpectationTests" tests="4" skipped="0" failures="0" errors="0" timestamp="2021-12-25T12:14:41" hostname="chenqian981016deMacBook-Air.local" time="0.001">
  <properties/>
  <testcase name="hasRemainingCount()" classname="org.springframework.test.web.client.DefaultRequestExpectationTests" time="0.0"/>
  <testcase name="isSatisfied()" classname="org.springframework.test.web.client.DefaultRequestExpectationTests" time="0.0"/>
  <testcase name="match()" classname="org.springframework.test.web.client.DefaultRequestExpectationTests" time="0.0"/>
  <testcase name="matchWithFailedExpectation()" classname="org.springframework.test.web.client.DefaultRequestExpectationTests" time="0.001"/>
  <system-out><![CDATA[]]></system-out>
  <system-err><![CDATA[]]></system-err>
</testsuite>
