<?xml version="1.0" encoding="UTF-8"?>
<testsuite name="org.springframework.test.web.client.samples.SampleTests" tests="7" skipped="0" failures="0" errors="0" timestamp="2021-12-25T12:14:40" hostname="chenqian981016deMacBook-Air.local" time="0.035">
  <properties/>
  <testcase name="performGetManyTimes()" classname="org.springframework.test.web.client.samples.SampleTests" time="0.01"/>
  <testcase name="expectNeverViolated()" classname="org.springframework.test.web.client.samples.SampleTests" time="0.003"/>
  <testcase name="verify()" classname="org.springframework.test.web.client.samples.SampleTests" time="0.002"/>
  <testcase name="performGetWithResponseBodyFromFile()" classname="org.springframework.test.web.client.samples.SampleTests" time="0.003"/>
  <testcase name="repeatedAccessToResponseViaResource()" classname="org.springframework.test.web.client.samples.SampleTests" time="0.011"/>
  <testcase name="expectNever()" classname="org.springframework.test.web.client.samples.SampleTests" time="0.002"/>
  <testcase name="performGet()" classname="org.springframework.test.web.client.samples.SampleTests" time="0.003"/>
  <system-out><![CDATA[]]></system-out>
  <system-err><![CDATA[]]></system-err>
</testsuite>
