<?xml version="1.0" encoding="UTF-8"?>
<testsuite name="org.springframework.test.context.transaction.programmatic.ProgrammaticTxMgmtTests" tests="12" skipped="0" failures="0" errors="0" timestamp="2021-12-25T12:14:25" hostname="chenqian981016deMacBook-Air.local" time="0.1">
  <properties/>
  <testcase name="rollbackTxAndStartNewTx()" classname="org.springframework.test.context.transaction.programmatic.ProgrammaticTxMgmtTests" time="0.067"/>
  <testcase name="isFlaggedForRollbackWithNonExistentTransactionContext()" classname="org.springframework.test.context.transaction.programmatic.ProgrammaticTxMgmtTests" time="0.003"/>
  <testcase name="flagForCommitWithNonExistentTransactionContext()" classname="org.springframework.test.context.transaction.programmatic.ProgrammaticTxMgmtTests" time="0.001"/>
  <testcase name="isActiveWithNonExistentTransactionContext()" classname="org.springframework.test.context.transaction.programmatic.ProgrammaticTxMgmtTests" time="0.0"/>
  <testcase name="flagForRollbackWithNonExistentTransactionContext()" classname="org.springframework.test.context.transaction.programmatic.ProgrammaticTxMgmtTests" time="0.001"/>
  <testcase name="endTxWithNonExistentTransactionContext()" classname="org.springframework.test.context.transaction.programmatic.ProgrammaticTxMgmtTests" time="0.001"/>
  <testcase name="rollbackTxButDoNotStartNewTx()" classname="org.springframework.test.context.transaction.programmatic.ProgrammaticTxMgmtTests" time="0.002"/>
  <testcase name="startTxWithExistingTransaction()" classname="org.springframework.test.context.transaction.programmatic.ProgrammaticTxMgmtTests" time="0.003"/>
  <testcase name="startTxWithNonExistentTransactionContext()" classname="org.springframework.test.context.transaction.programmatic.ProgrammaticTxMgmtTests" time="0.001"/>
  <testcase name="commitTxButDoNotStartNewTx()" classname="org.springframework.test.context.transaction.programmatic.ProgrammaticTxMgmtTests" time="0.007"/>
  <testcase name="commitTxAndStartNewTx()" classname="org.springframework.test.context.transaction.programmatic.ProgrammaticTxMgmtTests" time="0.003"/>
  <testcase name="rollbackTxAndStartNewTxWithDefaultCommitSemantics()" classname="org.springframework.test.context.transaction.programmatic.ProgrammaticTxMgmtTests" time="0.004"/>
  <system-out><![CDATA[]]></system-out>
  <system-err><![CDATA[]]></system-err>
</testsuite>
