<?xml version="1.0" encoding="UTF-8"?>
<testsuite name="org.springframework.test.web.servlet.samples.standalone.FilterTests" tests="7" skipped="0" failures="0" errors="0" timestamp="2021-12-25T12:14:37" hostname="chenqian981016deMacBook-Air.local" time="0.053">
  <properties/>
  <testcase name="filtersProcessRequest()" classname="org.springframework.test.web.servlet.samples.standalone.FilterTests" time="0.007"/>
  <testcase name="filterMappedBySuffix()" classname="org.springframework.test.web.servlet.samples.standalone.FilterTests" time="0.008"/>
  <testcase name="whenFiltersCompleteMvcProcessesRequest()" classname="org.springframework.test.web.servlet.samples.standalone.FilterTests" time="0.007"/>
  <testcase name="filterWrapsRequestResponseAndPerformsAsyncDispatch()" classname="org.springframework.test.web.servlet.samples.standalone.FilterTests" time="0.012"/>
  <testcase name="filterWrapsRequestResponse()" classname="org.springframework.test.web.servlet.samples.standalone.FilterTests" time="0.006"/>
  <testcase name="filterWithExactMapping()" classname="org.springframework.test.web.servlet.samples.standalone.FilterTests" time="0.005"/>
  <testcase name="filterSkipped()" classname="org.springframework.test.web.servlet.samples.standalone.FilterTests" time="0.007"/>
  <system-out><![CDATA[]]></system-out>
  <system-err><![CDATA[]]></system-err>
</testsuite>
