<?xml version="1.0" encoding="UTF-8"?>
<testsuite name="org.springframework.test.web.reactive.server.MockServerTests" tests="4" skipped="0" failures="0" errors="0" timestamp="2021-12-25T12:14:38" hostname="chenqian981016deMacBook-Air.local" time="0.144">
  <properties/>
  <testcase name="exchangeResultHasCookieHeaders()" classname="org.springframework.test.web.reactive.server.MockServerTests" time="0.11"/>
  <testcase name="mutateDoesNotCreateNewSession()" classname="org.springframework.test.web.reactive.server.MockServerTests" time="0.025"/>
  <testcase name="responseBodyContentWithFluxExchangeResult()" classname="org.springframework.test.web.reactive.server.MockServerTests" time="0.007"/>
  <testcase name="mutateDoesCopy()" classname="org.springframework.test.web.reactive.server.MockServerTests" time="0.002"/>
  <system-out><![CDATA[]]></system-out>
  <system-err><![CDATA[]]></system-err>
</testsuite>
