<?xml version="1.0" encoding="UTF-8"?>
<testsuite name="org.springframework.test.context.jdbc.MergedSqlConfigTests" tests="19" skipped="0" failures="0" errors="0" timestamp="2021-12-25T12:14:31" hostname="chenqian981016deMacBook-Air.local" time="0.212">
  <properties/>
  <testcase name="localConfigWithContinueOnError()" classname="org.springframework.test.context.jdbc.MergedSqlConfigTests" time="0.001"/>
  <testcase name="localConfigWithEmptyCommentPrefixes()" classname="org.springframework.test.context.jdbc.MergedSqlConfigTests" time="0.0"/>
  <testcase name="localConfigWithDefaults()" classname="org.springframework.test.context.jdbc.MergedSqlConfigTests" time="0.207"/>
  <testcase name="globalConfigWithEmptyCommentPrefix()" classname="org.springframework.test.context.jdbc.MergedSqlConfigTests" time="0.0"/>
  <testcase name="globalConfig()" classname="org.springframework.test.context.jdbc.MergedSqlConfigTests" time="0.001"/>
  <testcase name="globalConfigWithEmptyCommentPrefixes()" classname="org.springframework.test.context.jdbc.MergedSqlConfigTests" time="0.0"/>
  <testcase name="globalConfigWithCommentPrefixAndLocalOverrides()" classname="org.springframework.test.context.jdbc.MergedSqlConfigTests" time="0.0"/>
  <testcase name="globalConfigWithDefaults()" classname="org.springframework.test.context.jdbc.MergedSqlConfigTests" time="0.0"/>
  <testcase name="localConfigWithIgnoreFailedDrops()" classname="org.springframework.test.context.jdbc.MergedSqlConfigTests" time="0.0"/>
  <testcase name="localConfigWithCustomValues()" classname="org.springframework.test.context.jdbc.MergedSqlConfigTests" time="0.001"/>
  <testcase name="nullLocalSqlConfig()" classname="org.springframework.test.context.jdbc.MergedSqlConfigTests" time="0.0"/>
  <testcase name="globalConfigWithLocalOverrides()" classname="org.springframework.test.context.jdbc.MergedSqlConfigTests" time="0.0"/>
  <testcase name="nullTestClass()" classname="org.springframework.test.context.jdbc.MergedSqlConfigTests" time="0.0"/>
  <testcase name="globalConfigWithCommentPrefixesAndLocalOverrides()" classname="org.springframework.test.context.jdbc.MergedSqlConfigTests" time="0.0"/>
  <testcase name="localConfigWithEmptyCommentPrefix()" classname="org.springframework.test.context.jdbc.MergedSqlConfigTests" time="0.0"/>
  <testcase name="localConfigWithCustomCommentPrefixes()" classname="org.springframework.test.context.jdbc.MergedSqlConfigTests" time="0.0"/>
  <testcase name="localConfigWithMultipleCommentPrefixes()" classname="org.springframework.test.context.jdbc.MergedSqlConfigTests" time="0.0"/>
  <testcase name="localConfigWithDuplicatedCommentPrefixes()" classname="org.springframework.test.context.jdbc.MergedSqlConfigTests" time="0.0"/>
  <testcase name="globalConfigWithDuplicatedCommentPrefixes()" classname="org.springframework.test.context.jdbc.MergedSqlConfigTests" time="0.0"/>
  <system-out><![CDATA[]]></system-out>
  <system-err><![CDATA[]]></system-err>
</testsuite>
