<?xml version="1.0" encoding="UTF-8"?>
<testsuite name="org.springframework.mock.web.MockHttpServletResponseTests" tests="40" skipped="0" failures="0" errors="0" timestamp="2021-12-25T12:14:41" hostname="chenqian981016deMacBook-Air.local" time="0.005">
  <properties/>
  <testcase name="setContentTypeUTF8()" classname="org.springframework.mock.web.MockHttpServletResponseTests" time="0.0"/>
  <testcase name="servletWriterCommittedWhenBufferSizeExceeded()" classname="org.springframework.mock.web.MockHttpServletResponseTests" time="0.0"/>
  <testcase name="addCookieHeaderWithExpiresAttributeWithoutMaxAgeAttribute()" classname="org.springframework.mock.web.MockHttpServletResponseTests" time="0.001"/>
  <testcase name="resetResetsCharset()" classname="org.springframework.mock.web.MockHttpServletResponseTests" time="0.0"/>
  <testcase name="setCookieHeaderWithMaxAgeAndExpiresAttributes()" classname="org.springframework.mock.web.MockHttpServletResponseTests" time="0.0"/>
  <testcase name="addCookieHeaderWithMaxAgeAndExpiresAttributes()" classname="org.springframework.mock.web.MockHttpServletResponseTests" time="0.0"/>
  <testcase name="getNonExistentDateHeader()" classname="org.springframework.mock.web.MockHttpServletResponseTests" time="0.0"/>
  <testcase name="servletWriterAutoFlushedForChar()" classname="org.springframework.mock.web.MockHttpServletResponseTests" time="0.0"/>
  <testcase name="addCookieHeaderWithMaxAgeAndZeroExpiresAttributes()" classname="org.springframework.mock.web.MockHttpServletResponseTests" time="0.0"/>
  <testcase name="setCookieHeaderWithZeroExpiresAttribute()" classname="org.springframework.mock.web.MockHttpServletResponseTests" time="0.0"/>
  <testcase name="httpHeaderNameCasingIsPreserved()" classname="org.springframework.mock.web.MockHttpServletResponseTests" time="0.0"/>
  <testcase name="getInvalidDateHeader()" classname="org.springframework.mock.web.MockHttpServletResponseTests" time="0.001"/>
  <testcase name="contentAsUtf8()" classname="org.springframework.mock.web.MockHttpServletResponseTests" time="0.0"/>
  <testcase name="servletOutputStreamCommittedOnOutputStreamFlush()" classname="org.springframework.mock.web.MockHttpServletResponseTests" time="0.0"/>
  <testcase name="contentLength()" classname="org.springframework.mock.web.MockHttpServletResponseTests" time="0.0"/>
  <testcase name="locationHeaderUpdatesGetRedirectedUrl()" classname="org.springframework.mock.web.MockHttpServletResponseTests" time="0.0"/>
  <testcase name="contentTypeHeader()" classname="org.springframework.mock.web.MockHttpServletResponseTests" time="0.0"/>
  <testcase name="addCookieHeader()" classname="org.springframework.mock.web.MockHttpServletResponseTests" time="0.0"/>
  <testcase name="addCookie()" classname="org.springframework.mock.web.MockHttpServletResponseTests" time="0.0"/>
  <testcase name="modifyStatusMessageAfterSendError()" classname="org.springframework.mock.web.MockHttpServletResponseTests" time="0.0"/>
  <testcase name="servletWriterAutoFlushedForCharArray()" classname="org.springframework.mock.web.MockHttpServletResponseTests" time="0.0"/>
  <testcase name="sendRedirect()" classname="org.springframework.mock.web.MockHttpServletResponseTests" time="0.0"/>
  <testcase name="contentLengthHeader()" classname="org.springframework.mock.web.MockHttpServletResponseTests" time="0.0"/>
  <testcase name="getDateHeader()" classname="org.springframework.mock.web.MockHttpServletResponseTests" time="0.0"/>
  <testcase name="contentTypeHeaderWithMoreComplexCharsetSyntax()" classname="org.springframework.mock.web.MockHttpServletResponseTests" time="0.0"/>
  <testcase name="setCookieHeader()" classname="org.springframework.mock.web.MockHttpServletResponseTests" time="0.0"/>
  <testcase name="servletOutputStreamCommittedWhenBufferSizeExceeded()" classname="org.springframework.mock.web.MockHttpServletResponseTests" time="0.0"/>
  <testcase name="servletOutputStreamCommittedOnFlushBuffer()" classname="org.springframework.mock.web.MockHttpServletResponseTests" time="0.0"/>
  <testcase name="addDateHeader()" classname="org.springframework.mock.web.MockHttpServletResponseTests" time="0.0"/>
  <testcase name="contentTypeHeaderUTF8()" classname="org.springframework.mock.web.MockHttpServletResponseTests" time="0.0"/>
  <testcase name="contentLengthIntHeader()" classname="org.springframework.mock.web.MockHttpServletResponseTests" time="0.0"/>
  <testcase name="setDateHeader()" classname="org.springframework.mock.web.MockHttpServletResponseTests" time="0.0"/>
  <testcase name="modifyStatusAfterSendError()" classname="org.springframework.mock.web.MockHttpServletResponseTests" time="0.0"/>
  <testcase name="servletWriterCommittedOnWriterClose()" classname="org.springframework.mock.web.MockHttpServletResponseTests" time="0.0"/>
  <testcase name="servletWriterCommittedOnWriterFlush()" classname="org.springframework.mock.web.MockHttpServletResponseTests" time="0.0"/>
  <testcase name="setCharacterEncodingThenContentType()" classname="org.springframework.mock.web.MockHttpServletResponseTests" time="0.0"/>
  <testcase name="cookies()" classname="org.springframework.mock.web.MockHttpServletResponseTests" time="0.0"/>
  <testcase name="servletWriterAutoFlushedForString()" classname="org.springframework.mock.web.MockHttpServletResponseTests" time="0.0"/>
  <testcase name="setContentType()" classname="org.springframework.mock.web.MockHttpServletResponseTests" time="0.0"/>
  <testcase name="setContentTypeThenCharacterEncoding()" classname="org.springframework.mock.web.MockHttpServletResponseTests" time="0.0"/>
  <system-out><![CDATA[]]></system-out>
  <system-err><![CDATA[[MockCookie@1a29058c name = 'SESSION', value = '123', Path = '/', Domain = [null], Version = 0, Comment = [null], Secure = false, HttpOnly = false, SameSite = [null], Max-Age = -1, Expires = 'Tue, 8 Oct 2019 19:50:00 GMT']
]]></system-err>
</testsuite>
