<?xml version="1.0" encoding="UTF-8"?>
<testsuite name="org.springframework.test.web.servlet.samples.standalone.MultipartControllerTests" tests="16" skipped="0" failures="0" errors="0" timestamp="2021-12-25T12:14:37" hostname="chenqian981016deMacBook-Air.local" time="0.121">
  <properties/>
  <testcase name="multipartRequestWithFileListNotPresent()" classname="org.springframework.test.web.servlet.samples.standalone.MultipartControllerTests" time="0.009"/>
  <testcase name="multipartRequestWithFileListNoMultipart()" classname="org.springframework.test.web.servlet.samples.standalone.MultipartControllerTests" time="0.007"/>
  <testcase name="multipartRequestWithFileArray()" classname="org.springframework.test.web.servlet.samples.standalone.MultipartControllerTests" time="0.019"/>
  <testcase name="multipartRequestWithOptionalFile()" classname="org.springframework.test.web.servlet.samples.standalone.MultipartControllerTests" time="0.006"/>
  <testcase name="multipartRequestWithOptionalFileNotPresent()" classname="org.springframework.test.web.servlet.samples.standalone.MultipartControllerTests" time="0.006"/>
  <testcase name="multipartRequestWithSingleFileNotPresent()" classname="org.springframework.test.web.servlet.samples.standalone.MultipartControllerTests" time="0.006"/>
  <testcase name="multipartRequestWithOptionalFileListNotPresent()" classname="org.springframework.test.web.servlet.samples.standalone.MultipartControllerTests" time="0.006"/>
  <testcase name="multipartRequestWithSingleFile()" classname="org.springframework.test.web.servlet.samples.standalone.MultipartControllerTests" time="0.007"/>
  <testcase name="multipartRequestWithServletParts()" classname="org.springframework.test.web.servlet.samples.standalone.MultipartControllerTests" time="0.009"/>
  <testcase name="multipartRequestWithOptionalFileArray()" classname="org.springframework.test.web.servlet.samples.standalone.MultipartControllerTests" time="0.009"/>
  <testcase name="multipartRequestWithFileArrayNoMultipart()" classname="org.springframework.test.web.servlet.samples.standalone.MultipartControllerTests" time="0.006"/>
  <testcase name="multipartRequestWrapped()" classname="org.springframework.test.web.servlet.samples.standalone.MultipartControllerTests" time="0.005"/>
  <testcase name="multipartRequestWithFileArrayNotPresent()" classname="org.springframework.test.web.servlet.samples.standalone.MultipartControllerTests" time="0.006"/>
  <testcase name="multipartRequestWithFileList()" classname="org.springframework.test.web.servlet.samples.standalone.MultipartControllerTests" time="0.006"/>
  <testcase name="multipartRequestWithOptionalFileList()" classname="org.springframework.test.web.servlet.samples.standalone.MultipartControllerTests" time="0.005"/>
  <testcase name="multipartRequestWithOptionalFileArrayNotPresent()" classname="org.springframework.test.web.servlet.samples.standalone.MultipartControllerTests" time="0.007"/>
  <system-out><![CDATA[]]></system-out>
  <system-err><![CDATA[]]></system-err>
</testsuite>
