<?xml version="1.0" encoding="UTF-8"?>
<testsuite name="org.springframework.test.context.jdbc.DefaultScriptDetectionSqlScriptsTests" tests="2" skipped="0" failures="0" errors="0" timestamp="2021-12-25T12:14:31" hostname="chenqian981016deMacBook-Air.local" time="0.005">
  <properties/>
  <testcase name="methodLevel()" classname="org.springframework.test.context.jdbc.DefaultScriptDetectionSqlScriptsTests" time="0.003"/>
  <testcase name="classLevel()" classname="org.springframework.test.context.jdbc.DefaultScriptDetectionSqlScriptsTests" time="0.002"/>
  <system-out><![CDATA[]]></system-out>
  <system-err><![CDATA[]]></system-err>
</testsuite>
