<?xml version="1.0" encoding="UTF-8"?>
<testsuite name="org.springframework.test.web.reactive.server.DefaultControllerSpecTests" tests="4" skipped="0" failures="0" errors="0" timestamp="2021-12-25T12:14:39" hostname="chenqian981016deMacBook-Air.local" time="0.102">
  <properties/>
  <testcase name="controllerAdvice()" classname="org.springframework.test.web.reactive.server.DefaultControllerSpecTests" time="0.074"/>
  <testcase name="controllerAdviceWithClassArgument()" classname="org.springframework.test.web.reactive.server.DefaultControllerSpecTests" time="0.01"/>
  <testcase name="controller()" classname="org.springframework.test.web.reactive.server.DefaultControllerSpecTests" time="0.009"/>
  <testcase name="configurerConsumers()" classname="org.springframework.test.web.reactive.server.DefaultControllerSpecTests" time="0.008"/>
  <system-out><![CDATA[]]></system-out>
  <system-err><![CDATA[]]></system-err>
</testsuite>
