<?xml version="1.0" encoding="UTF-8"?>
<testsuite name="org.springframework.test.web.reactive.server.DefaultRouterFunctionSpecTests" tests="2" skipped="0" failures="0" errors="0" timestamp="2021-12-25T12:14:40" hostname="chenqian981016deMacBook-Air.local" time="0.007">
  <properties/>
  <testcase name="webFilter()" classname="org.springframework.test.web.reactive.server.DefaultRouterFunctionSpecTests" time="0.004"/>
  <testcase name="exceptionHandler()" classname="org.springframework.test.web.reactive.server.DefaultRouterFunctionSpecTests" time="0.003"/>
  <system-out><![CDATA[]]></system-out>
  <system-err><![CDATA[]]></system-err>
</testsuite>
