<?xml version="1.0" encoding="UTF-8"?>
<testsuite name="org.springframework.test.context.jdbc.MultipleDataSourcesAndTransactionManagersSqlScriptsTests" tests="2" skipped="0" failures="0" errors="0" timestamp="2021-12-25T12:14:31" hostname="chenqian981016deMacBook-Air.local" time="0.002">
  <properties/>
  <testcase name="database1()" classname="org.springframework.test.context.jdbc.MultipleDataSourcesAndTransactionManagersSqlScriptsTests" time="0.001"/>
  <testcase name="database2()" classname="org.springframework.test.context.jdbc.MultipleDataSourcesAndTransactionManagersSqlScriptsTests" time="0.001"/>
  <system-out><![CDATA[]]></system-out>
  <system-err><![CDATA[]]></system-err>
</testsuite>
