<?xml version="1.0" encoding="UTF-8"?>
<testsuite name="org.springframework.test.web.servlet.request.MockHttpServletRequestBuilderTests" tests="46" skipped="0" failures="0" errors="0" timestamp="2021-12-25T12:14:38" hostname="chenqian981016deMacBook-Air.local" time="0.006">
  <properties/>
  <testcase name="requestParameterFromMultiValueMap()" classname="org.springframework.test.web.servlet.request.MockHttpServletRequestBuilderTests" time="0.0"/>
  <testcase name="sessionAttribute()" classname="org.springframework.test.web.servlet.request.MockHttpServletRequestBuilderTests" time="0.0"/>
  <testcase name="principal()" classname="org.springframework.test.web.servlet.request.MockHttpServletRequestBuilderTests" time="0.0"/>
  <testcase name="cookie()" classname="org.springframework.test.web.servlet.request.MockHttpServletRequestBuilderTests" time="0.001"/>
  <testcase name="requestAttribute()" classname="org.springframework.test.web.servlet.request.MockHttpServletRequestBuilderTests" time="0.0"/>
  <testcase name="contentTypeWithInvalidValue()" classname="org.springframework.test.web.servlet.request.MockHttpServletRequestBuilderTests" time="0.0"/>
  <testcase name="contextPathServletPathInvalid()" classname="org.springframework.test.web.servlet.request.MockHttpServletRequestBuilderTests" time="0.0"/>
  <testcase name="header()" classname="org.springframework.test.web.servlet.request.MockHttpServletRequestBuilderTests" time="0.0"/>
  <testcase name="locale()" classname="org.springframework.test.web.servlet.request.MockHttpServletRequestBuilderTests" time="0.001"/>
  <testcase name="method()" classname="org.springframework.test.web.servlet.request.MockHttpServletRequestBuilderTests" time="0.0"/>
  <testcase name="sessionAttributes()" classname="org.springframework.test.web.servlet.request.MockHttpServletRequestBuilderTests" time="0.0"/>
  <testcase name="acceptHeaderWithInvalidValues()" classname="org.springframework.test.web.servlet.request.MockHttpServletRequestBuilderTests" time="0.0"/>
  <testcase name="contentType()" classname="org.springframework.test.web.servlet.request.MockHttpServletRequestBuilderTests" time="0.0"/>
  <testcase name="requestParameterFromQuery()" classname="org.springframework.test.web.servlet.request.MockHttpServletRequestBuilderTests" time="0.0"/>
  <testcase name="uri()" classname="org.springframework.test.web.servlet.request.MockHttpServletRequestBuilderTests" time="0.001"/>
  <testcase name="body()" classname="org.springframework.test.web.servlet.request.MockHttpServletRequestBuilderTests" time="0.0"/>
  <testcase name="contentTypeViaMultipleHeaderValues()" classname="org.springframework.test.web.servlet.request.MockHttpServletRequestBuilderTests" time="0.0"/>
  <testcase name="mergeInvokesDefaultRequestPostProcessorFirst()" classname="org.springframework.test.web.servlet.request.MockHttpServletRequestBuilderTests" time="0.0"/>
  <testcase name="characterEncoding()" classname="org.springframework.test.web.servlet.request.MockHttpServletRequestBuilderTests" time="0.0"/>
  <testcase name="contentTypeViaHeader()" classname="org.springframework.test.web.servlet.request.MockHttpServletRequestBuilderTests" time="0.0"/>
  <testcase name="flashAttribute()" classname="org.springframework.test.web.servlet.request.MockHttpServletRequestBuilderTests" time="0.0"/>
  <testcase name="requestParameterFromRequestBodyFormData()" classname="org.springframework.test.web.servlet.request.MockHttpServletRequestBuilderTests" time="0.001"/>
  <testcase name="requestParameter()" classname="org.springframework.test.web.servlet.request.MockHttpServletRequestBuilderTests" time="0.0"/>
  <testcase name="queryParameterMap()" classname="org.springframework.test.web.servlet.request.MockHttpServletRequestBuilderTests" time="0.0"/>
  <testcase name="requestUriAndFragment()" classname="org.springframework.test.web.servlet.request.MockHttpServletRequestBuilderTests" time="0.0"/>
  <testcase name="contentTypeViaString()" classname="org.springframework.test.web.servlet.request.MockHttpServletRequestBuilderTests" time="0.0"/>
  <testcase name="headers()" classname="org.springframework.test.web.servlet.request.MockHttpServletRequestBuilderTests" time="0.0"/>
  <testcase name="contextPathEmpty()" classname="org.springframework.test.web.servlet.request.MockHttpServletRequestBuilderTests" time="0.0"/>
  <testcase name="contentTypeViaHeaderWithInvalidValue()" classname="org.springframework.test.web.servlet.request.MockHttpServletRequestBuilderTests" time="0.0"/>
  <testcase name="contextPathServletPath()" classname="org.springframework.test.web.servlet.request.MockHttpServletRequestBuilderTests" time="0.0"/>
  <testcase name="requestParameterFromQueryWithEncoding()" classname="org.springframework.test.web.servlet.request.MockHttpServletRequestBuilderTests" time="0.001"/>
  <testcase name="contextPathServletPathEmpty()" classname="org.springframework.test.web.servlet.request.MockHttpServletRequestBuilderTests" time="0.0"/>
  <testcase name="requestUriWithoutScheme()" classname="org.springframework.test.web.servlet.request.MockHttpServletRequestBuilderTests" time="0.0"/>
  <testcase name="arbitraryMethod()" classname="org.springframework.test.web.servlet.request.MockHttpServletRequestBuilderTests" time="0.0"/>
  <testcase name="noCookies()" classname="org.springframework.test.web.servlet.request.MockHttpServletRequestBuilderTests" time="0.0"/>
  <testcase name="acceptHeader()" classname="org.springframework.test.web.servlet.request.MockHttpServletRequestBuilderTests" time="0.0"/>
  <testcase name="requestUriWithEncoding()" classname="org.springframework.test.web.servlet.request.MockHttpServletRequestBuilderTests" time="0.0"/>
  <testcase name="contextPathServletPathInfoEmpty()" classname="org.springframework.test.web.servlet.request.MockHttpServletRequestBuilderTests" time="0.0"/>
  <testcase name="requestUriWithDoubleSlashes()" classname="org.springframework.test.web.servlet.request.MockHttpServletRequestBuilderTests" time="0.001"/>
  <testcase name="queryParameter()" classname="org.springframework.test.web.servlet.request.MockHttpServletRequestBuilderTests" time="0.0"/>
  <testcase name="requestParameterFromQueryList()" classname="org.springframework.test.web.servlet.request.MockHttpServletRequestBuilderTests" time="0.0"/>
  <testcase name="requestParameterFromQueryNull()" classname="org.springframework.test.web.servlet.request.MockHttpServletRequestBuilderTests" time="0.0"/>
  <testcase name="session()" classname="org.springframework.test.web.servlet.request.MockHttpServletRequestBuilderTests" time="0.0"/>
  <testcase name="pathInfoIsDecoded()" classname="org.springframework.test.web.servlet.request.MockHttpServletRequestBuilderTests" time="0.0"/>
  <testcase name="contextPathServletPathInfo()" classname="org.springframework.test.web.servlet.request.MockHttpServletRequestBuilderTests" time="0.0"/>
  <testcase name="queryParameterList()" classname="org.springframework.test.web.servlet.request.MockHttpServletRequestBuilderTests" time="0.0"/>
  <system-out><![CDATA[]]></system-out>
  <system-err><![CDATA[]]></system-err>
</testsuite>
