<?xml version="1.0" encoding="UTF-8"?>
<testsuite name="org.springframework.test.context.support.TestConstructorUtilsTests" tests="7" skipped="0" failures="0" errors="0" timestamp="2021-12-25T12:14:32" hostname="chenqian981016deMacBook-Air.local" time="0.003">
  <properties/>
  <testcase name="globalFlagVariations()" classname="org.springframework.test.context.support.TestConstructorUtilsTests" time="0.001"/>
  <testcase name="automaticallyAutowiredButOverriddenLocally()" classname="org.springframework.test.context.support.TestConstructorUtilsTests" time="0.0"/>
  <testcase name="notAutowirable()" classname="org.springframework.test.context.support.TestConstructorUtilsTests" time="0.0"/>
  <testcase name="autowiredAnnotation()" classname="org.springframework.test.context.support.TestConstructorUtilsTests" time="0.0"/>
  <testcase name="testConstructorAsMetaAnnotation()" classname="org.springframework.test.context.support.TestConstructorUtilsTests" time="0.001"/>
  <testcase name="testConstructorAnnotation()" classname="org.springframework.test.context.support.TestConstructorUtilsTests" time="0.0"/>
  <testcase name="automaticallyAutowired()" classname="org.springframework.test.context.support.TestConstructorUtilsTests" time="0.0"/>
  <system-out><![CDATA[]]></system-out>
  <system-err><![CDATA[]]></system-err>
</testsuite>
