<?xml version="1.0" encoding="UTF-8"?>
<testsuite name="org.springframework.test.web.client.samples.SampleAsyncTests" tests="4" skipped="0" failures="0" errors="0" timestamp="2021-12-25T12:14:40" hostname="chenqian981016deMacBook-Air.local" time="0.012">
  <properties/>
  <testcase name="performGetManyTimes()" classname="org.springframework.test.web.client.samples.SampleAsyncTests" time="0.001"/>
  <testcase name="verify()" classname="org.springframework.test.web.client.samples.SampleAsyncTests" time="0.0"/>
  <testcase name="performGetWithResponseBodyFromFile()" classname="org.springframework.test.web.client.samples.SampleAsyncTests" time="0.0"/>
  <testcase name="performGet()" classname="org.springframework.test.web.client.samples.SampleAsyncTests" time="0.0"/>
  <system-out><![CDATA[]]></system-out>
  <system-err><![CDATA[]]></system-err>
</testsuite>
