<?xml version="1.0" encoding="UTF-8"?>
<testsuite name="org.springframework.test.context.junit4.profile.xml.DevProfileResolverXmlConfigTests" tests="2" skipped="0" failures="0" errors="0" timestamp="2021-12-25T12:14:44" hostname="chenqian981016deMacBook-Air.local" time="0.0">
  <properties/>
  <testcase name="employee" classname="org.springframework.test.context.junit4.profile.xml.DevProfileResolverXmlConfigTests" time="0.0"/>
  <testcase name="pet" classname="org.springframework.test.context.junit4.profile.xml.DevProfileResolverXmlConfigTests" time="0.0"/>
  <system-out><![CDATA[]]></system-out>
  <system-err><![CDATA[]]></system-err>
</testsuite>
