<?xml version="1.0" encoding="UTF-8"?>
<testsuite name="org.springframework.test.web.reactive.server.samples.JsonContentTests" tests="4" skipped="0" failures="0" errors="0" timestamp="2021-12-25T12:14:40" hostname="chenqian981016deMacBook-Air.local" time="0.034">
  <properties/>
  <testcase name="jsonPathIsEqualTo()" classname="org.springframework.test.web.reactive.server.samples.JsonContentTests" time="0.003"/>
  <testcase name="jsonContent()" classname="org.springframework.test.web.reactive.server.samples.JsonContentTests" time="0.001"/>
  <testcase name="postJsonContent()" classname="org.springframework.test.web.reactive.server.samples.JsonContentTests" time="0.001"/>
  <testcase name="jsonPathMatches()" classname="org.springframework.test.web.reactive.server.samples.JsonContentTests" time="0.002"/>
  <system-out><![CDATA[]]></system-out>
  <system-err><![CDATA[]]></system-err>
</testsuite>
