<?xml version="1.0" encoding="UTF-8"?>
<testsuite name="org.springframework.test.context.junit4.MethodLevelTransactionalSpringRunnerTests" tests="2" skipped="0" failures="0" errors="0" timestamp="2021-12-25T12:14:44" hostname="chenqian981016deMacBook-Air.local" time="0.015">
  <properties/>
  <testcase name="modifyTestDataWithinTransaction" classname="org.springframework.test.context.junit4.MethodLevelTransactionalSpringRunnerTests" time="0.008"/>
  <testcase name="modifyTestDataWithoutTransaction" classname="org.springframework.test.context.junit4.MethodLevelTransactionalSpringRunnerTests" time="0.006"/>
  <system-out><![CDATA[]]></system-out>
  <system-err><![CDATA[]]></system-err>
</testsuite>
