<?xml version="1.0" encoding="UTF-8"?>
<testsuite name="org.springframework.test.web.servlet.samples.standalone.resultmatchers.ModelAssertionTests" tests="5" skipped="0" failures="0" errors="0" timestamp="2021-12-25T12:14:37" hostname="chenqian981016deMacBook-Air.local" time="0.037">
  <properties/>
  <testcase name="attributeHamcrestMatchers()" classname="org.springframework.test.web.servlet.samples.standalone.resultmatchers.ModelAssertionTests" time="0.01"/>
  <testcase name="attributeExists()" classname="org.springframework.test.web.servlet.samples.standalone.resultmatchers.ModelAssertionTests" time="0.007"/>
  <testcase name="hasNoErrors()" classname="org.springframework.test.web.servlet.samples.standalone.resultmatchers.ModelAssertionTests" time="0.005"/>
  <testcase name="attributeEqualTo()" classname="org.springframework.test.web.servlet.samples.standalone.resultmatchers.ModelAssertionTests" time="0.007"/>
  <testcase name="hasErrors()" classname="org.springframework.test.web.servlet.samples.standalone.resultmatchers.ModelAssertionTests" time="0.008"/>
  <system-out><![CDATA[]]></system-out>
  <system-err><![CDATA[]]></system-err>
</testsuite>
