<?xml version="1.0" encoding="UTF-8"?>
<testsuite name="org.springframework.test.web.servlet.htmlunit.webdriver.MockMvcHtmlUnitDriverBuilderTests" tests="7" skipped="0" failures="0" errors="0" timestamp="2021-12-25T12:14:38" hostname="chenqian981016deMacBook-Air.local" time="0.06">
  <properties/>
  <testcase name="mockMvcSetupWithDefaultDriverDelegate()" classname="org.springframework.test.web.servlet.htmlunit.webdriver.MockMvcHtmlUnitDriverBuilderTests" time="0.012"/>
  <testcase name="mockMvcSetupWithCustomDriverDelegate()" classname="org.springframework.test.web.servlet.htmlunit.webdriver.MockMvcHtmlUnitDriverBuilderTests" time="0.01"/>
  <testcase name="cookieManagerShared()" classname="org.springframework.test.web.servlet.htmlunit.webdriver.MockMvcHtmlUnitDriverBuilderTests" time="0.02"/>
  <testcase name="javaScriptDisabled()" classname="org.springframework.test.web.servlet.htmlunit.webdriver.MockMvcHtmlUnitDriverBuilderTests" time="0.006"/>
  <testcase name="webAppContextSetupNull()" classname="org.springframework.test.web.servlet.htmlunit.webdriver.MockMvcHtmlUnitDriverBuilderTests" time="0.001"/>
  <testcase name="mockMvcSetupNull()" classname="org.springframework.test.web.servlet.htmlunit.webdriver.MockMvcHtmlUnitDriverBuilderTests" time="0.004"/>
  <testcase name="javaScriptEnabledByDefault()" classname="org.springframework.test.web.servlet.htmlunit.webdriver.MockMvcHtmlUnitDriverBuilderTests" time="0.004"/>
  <system-out><![CDATA[]]></system-out>
  <system-err><![CDATA[]]></system-err>
</testsuite>
